2019-01-07 11:41:17,098 [Worker-0] INFO  o.e.m.c.i.l.LifecycleMappingFactory - Using org.maven.ide.eclipse.wtp.WarLifecycleMapping lifecycle mapping for MavenProject: com.ShoppingManagment.Customer.book:Shoppingmanagement:0.0.1-SNAPSHOT @ E:\WorkSpace\Pos\pom.xml.
2019-01-07 11:41:24,318 [Worker-0] INFO  o.e.m.c.i.e.AbstractTransferListenerAdapter - Downloading https://repo.maven.apache.org/maven2/org/apache/maven/maven-archiver/3.2.0/maven-archiver-3.2.0.pom
2019-01-07 11:41:24,894 [Worker-0] INFO  o.e.m.c.i.e.AbstractTransferListenerAdapter - Downloaded https://repo.maven.apache.org/maven2/org/apache/maven/maven-archiver/3.2.0/maven-archiver-3.2.0.pom
2019-01-07 11:41:25,198 [Worker-0] INFO  o.e.m.c.i.e.AbstractTransferListenerAdapter - Downloading https://repo.maven.apache.org/maven2/org/apache/maven/shared/maven-shared-utils/3.2.0/maven-shared-utils-3.2.0.pom
2019-01-07 11:41:25,515 [Worker-0] INFO  o.e.m.c.i.e.AbstractTransferListenerAdapter - Downloaded https://repo.maven.apache.org/maven2/org/apache/maven/shared/maven-shared-utils/3.2.0/maven-shared-utils-3.2.0.pom
2019-01-07 11:41:25,838 [Worker-0] INFO  o.e.m.c.i.e.AbstractTransferListenerAdapter - Downloading https://repo.maven.apache.org/maven2/org/codehaus/plexus/plexus-archiver/3.5/plexus-archiver-3.5.pom
2019-01-07 11:41:26,119 [Worker-0] INFO  o.e.m.c.i.e.AbstractTransferListenerAdapter - Downloaded https://repo.maven.apache.org/maven2/org/codehaus/plexus/plexus-archiver/3.5/plexus-archiver-3.5.pom
2019-01-07 11:41:26,424 [Worker-0] INFO  o.e.m.c.i.e.AbstractTransferListenerAdapter - Downloading https://repo.maven.apache.org/maven2/org/codehaus/plexus/plexus/5.0/plexus-5.0.pom
2019-01-07 11:41:27,025 [Worker-0] INFO  o.e.m.c.i.e.AbstractTransferListenerAdapter - Downloaded https://repo.maven.apache.org/maven2/org/codehaus/plexus/plexus/5.0/plexus-5.0.pom
2019-01-07 11:41:27,416 [Worker-0] INFO  o.e.m.c.i.e.AbstractTransferListenerAdapter - Downloading https://repo.maven.apache.org/maven2/org/codehaus/plexus/plexus-io/3.0.0/plexus-io-3.0.0.pom
2019-01-07 11:41:27,744 [Worker-0] INFO  o.e.m.c.i.e.AbstractTransferListenerAdapter - Downloaded https://repo.maven.apache.org/maven2/org/codehaus/plexus/plexus-io/3.0.0/plexus-io-3.0.0.pom
2019-01-07 11:41:28,128 [Worker-0] INFO  o.e.m.c.i.e.AbstractTransferListenerAdapter - Downloading https://repo.maven.apache.org/maven2/org/tukaani/xz/1.6/xz-1.6.pom
2019-01-07 11:41:28,410 [Worker-0] INFO  o.e.m.c.i.e.AbstractTransferListenerAdapter - Downloaded https://repo.maven.apache.org/maven2/org/tukaani/xz/1.6/xz-1.6.pom
2019-01-07 11:41:28,772 [Worker-0] INFO  o.e.m.c.i.e.AbstractTransferListenerAdapter - Downloading https://repo.maven.apache.org/maven2/org/codehaus/plexus/plexus-archiver/3.6.0/plexus-archiver-3.6.0.pom
2019-01-07 11:41:29,053 [Worker-0] INFO  o.e.m.c.i.e.AbstractTransferListenerAdapter - Downloaded https://repo.maven.apache.org/maven2/org/codehaus/plexus/plexus-archiver/3.6.0/plexus-archiver-3.6.0.pom
2019-01-07 11:41:29,365 [Worker-0] INFO  o.e.m.c.i.e.AbstractTransferListenerAdapter - Downloading https://repo.maven.apache.org/maven2/org/codehaus/plexus/plexus-io/3.0.1/plexus-io-3.0.1.pom
2019-01-07 11:41:29,645 [Worker-0] INFO  o.e.m.c.i.e.AbstractTransferListenerAdapter - Downloaded https://repo.maven.apache.org/maven2/org/codehaus/plexus/plexus-io/3.0.1/plexus-io-3.0.1.pom
2019-01-07 11:41:29,940 [Worker-0] INFO  o.e.m.c.i.e.AbstractTransferListenerAdapter - Downloading https://repo.maven.apache.org/maven2/commons-io/commons-io/2.6/commons-io-2.6.pom
2019-01-07 11:41:30,299 [Worker-0] INFO  o.e.m.c.i.e.AbstractTransferListenerAdapter - Downloaded https://repo.maven.apache.org/maven2/commons-io/commons-io/2.6/commons-io-2.6.pom
2019-01-07 11:41:30,589 [Worker-0] INFO  o.e.m.c.i.e.AbstractTransferListenerAdapter - Downloading https://repo.maven.apache.org/maven2/org/apache/commons/commons-compress/1.16.1/commons-compress-1.16.1.pom
2019-01-07 11:41:30,872 [Worker-0] INFO  o.e.m.c.i.e.AbstractTransferListenerAdapter - Downloaded https://repo.maven.apache.org/maven2/org/apache/commons/commons-compress/1.16.1/commons-compress-1.16.1.pom
2019-01-07 11:41:31,161 [Worker-0] INFO  o.e.m.c.i.e.AbstractTransferListenerAdapter - Downloading https://repo.maven.apache.org/maven2/org/apache/commons/commons-parent/43/commons-parent-43.pom
2019-01-07 11:41:31,721 [Worker-0] INFO  o.e.m.c.i.e.AbstractTransferListenerAdapter - Downloaded https://repo.maven.apache.org/maven2/org/apache/commons/commons-parent/43/commons-parent-43.pom
2019-01-07 11:41:32,095 [Worker-0] INFO  o.e.m.c.i.e.AbstractTransferListenerAdapter - Downloading https://repo.maven.apache.org/maven2/org/tukaani/xz/1.8/xz-1.8.pom
2019-01-07 11:41:32,389 [Worker-0] INFO  o.e.m.c.i.e.AbstractTransferListenerAdapter - Downloaded https://repo.maven.apache.org/maven2/org/tukaani/xz/1.8/xz-1.8.pom
2019-01-07 11:41:32,673 [Worker-0] INFO  o.e.m.c.i.e.AbstractTransferListenerAdapter - Downloading https://repo.maven.apache.org/maven2/org/codehaus/plexus/plexus-interpolation/1.25/plexus-interpolation-1.25.pom
2019-01-07 11:41:32,952 [Worker-0] INFO  o.e.m.c.i.e.AbstractTransferListenerAdapter - Downloaded https://repo.maven.apache.org/maven2/org/codehaus/plexus/plexus-interpolation/1.25/plexus-interpolation-1.25.pom
2019-01-07 11:41:33,238 [Worker-0] INFO  o.e.m.c.i.e.AbstractTransferListenerAdapter - Downloading https://repo.maven.apache.org/maven2/org/codehaus/plexus/plexus/5.1/plexus-5.1.pom
2019-01-07 11:41:33,577 [Worker-0] INFO  o.e.m.c.i.e.AbstractTransferListenerAdapter - Downloaded https://repo.maven.apache.org/maven2/org/codehaus/plexus/plexus/5.1/plexus-5.1.pom
2019-01-07 11:41:33,872 [Worker-0] INFO  o.e.m.c.i.e.AbstractTransferListenerAdapter - Downloading https://repo.maven.apache.org/maven2/com/thoughtworks/xstream/xstream/1.4.10/xstream-1.4.10.pom
2019-01-07 11:41:34,158 [Worker-0] INFO  o.e.m.c.i.e.AbstractTransferListenerAdapter - Downloaded https://repo.maven.apache.org/maven2/com/thoughtworks/xstream/xstream/1.4.10/xstream-1.4.10.pom
2019-01-07 11:41:34,445 [Worker-0] INFO  o.e.m.c.i.e.AbstractTransferListenerAdapter - Downloading https://repo.maven.apache.org/maven2/com/thoughtworks/xstream/xstream-parent/1.4.10/xstream-parent-1.4.10.pom
2019-01-07 11:41:34,730 [Worker-0] INFO  o.e.m.c.i.e.AbstractTransferListenerAdapter - Downloaded https://repo.maven.apache.org/maven2/com/thoughtworks/xstream/xstream-parent/1.4.10/xstream-parent-1.4.10.pom
2019-01-07 11:41:36,897 [Worker-0] INFO  o.e.m.c.i.e.AbstractTransferListenerAdapter - Downloading https://repo.maven.apache.org/maven2/org/apache/maven/maven-archiver/3.2.0/maven-archiver-3.2.0.jar
2019-01-07 11:41:37,182 [Worker-0] INFO  o.e.m.c.i.e.AbstractTransferListenerAdapter - Downloaded https://repo.maven.apache.org/maven2/org/apache/maven/maven-archiver/3.2.0/maven-archiver-3.2.0.jar
2019-01-07 11:41:37,892 [Worker-0] INFO  o.e.m.c.i.e.AbstractTransferListenerAdapter - Downloading https://repo.maven.apache.org/maven2/org/apache/maven/shared/maven-shared-utils/3.2.0/maven-shared-utils-3.2.0.jar
2019-01-07 11:41:38,578 [Worker-0] INFO  o.e.m.c.i.e.AbstractTransferListenerAdapter - Downloaded https://repo.maven.apache.org/maven2/org/apache/maven/shared/maven-shared-utils/3.2.0/maven-shared-utils-3.2.0.jar
2019-01-07 11:41:38,854 [Worker-0] INFO  o.e.m.c.i.e.AbstractTransferListenerAdapter - Downloading https://repo.maven.apache.org/maven2/org/codehaus/plexus/plexus-archiver/3.6.0/plexus-archiver-3.6.0.jar
2019-01-07 11:41:39,803 [Worker-0] INFO  o.e.m.c.i.e.AbstractTransferListenerAdapter - Downloaded https://repo.maven.apache.org/maven2/org/codehaus/plexus/plexus-archiver/3.6.0/plexus-archiver-3.6.0.jar
2019-01-07 11:41:40,081 [Worker-0] INFO  o.e.m.c.i.e.AbstractTransferListenerAdapter - Downloading https://repo.maven.apache.org/maven2/org/codehaus/plexus/plexus-io/3.0.1/plexus-io-3.0.1.jar
2019-01-07 11:41:40,933 [Worker-0] INFO  o.e.m.c.i.e.AbstractTransferListenerAdapter - Downloaded https://repo.maven.apache.org/maven2/org/codehaus/plexus/plexus-io/3.0.1/plexus-io-3.0.1.jar
2019-01-07 11:41:41,210 [Worker-0] INFO  o.e.m.c.i.e.AbstractTransferListenerAdapter - Downloading https://repo.maven.apache.org/maven2/org/apache/commons/commons-compress/1.16.1/commons-compress-1.16.1.jar
2019-01-07 11:41:44,481 [Worker-0] INFO  o.e.m.c.i.e.AbstractTransferListenerAdapter - Downloaded https://repo.maven.apache.org/maven2/org/apache/commons/commons-compress/1.16.1/commons-compress-1.16.1.jar
2019-01-07 11:41:44,754 [Worker-0] INFO  o.e.m.c.i.e.AbstractTransferListenerAdapter - Downloading https://repo.maven.apache.org/maven2/org/tukaani/xz/1.8/xz-1.8.jar
2019-01-07 11:41:45,777 [Worker-0] INFO  o.e.m.c.i.e.AbstractTransferListenerAdapter - Downloaded https://repo.maven.apache.org/maven2/org/tukaani/xz/1.8/xz-1.8.jar
2019-01-07 11:41:46,050 [Worker-0] INFO  o.e.m.c.i.e.AbstractTransferListenerAdapter - Downloading https://repo.maven.apache.org/maven2/org/codehaus/plexus/plexus-interpolation/1.25/plexus-interpolation-1.25.jar
2019-01-07 11:41:46,880 [Worker-0] INFO  o.e.m.c.i.e.AbstractTransferListenerAdapter - Downloaded https://repo.maven.apache.org/maven2/org/codehaus/plexus/plexus-interpolation/1.25/plexus-interpolation-1.25.jar
2019-01-07 11:41:47,152 [Worker-0] INFO  o.e.m.c.i.e.AbstractTransferListenerAdapter - Downloading https://repo.maven.apache.org/maven2/com/thoughtworks/xstream/xstream/1.4.10/xstream-1.4.10.jar
2019-01-07 11:41:50,735 [Worker-0] INFO  o.e.m.c.i.e.AbstractTransferListenerAdapter - Downloaded https://repo.maven.apache.org/maven2/com/thoughtworks/xstream/xstream/1.4.10/xstream-1.4.10.jar
2019-01-07 11:41:55,390 [Worker-0] INFO  o.e.m.c.i.embedder.EclipseLogger - Using 'UTF-8' encoding to copy filtered resources.
2019-01-07 11:41:55,407 [Worker-0] INFO  o.e.m.c.i.embedder.EclipseLogger - Copying 1 resource
2019-01-07 11:41:55,459 [Worker-0] INFO  o.e.m.c.i.embedder.EclipseLogger - Copying 0 resource
2019-01-07 11:41:55,463 [Worker-0] INFO  o.e.m.c.i.embedder.EclipseLogger - Using 'UTF-8' encoding to copy filtered resources.
2019-01-07 11:41:55,464 [Worker-0] INFO  o.e.m.c.i.embedder.EclipseLogger - skip non existing resourceDirectory E:\WorkSpace\Pos\src\test\resources
2019-01-07 11:41:57,322 [Worker-8] INFO  o.e.m.c.i.l.LifecycleMappingFactory - Using org.maven.ide.eclipse.wtp.WarLifecycleMapping lifecycle mapping for MavenProject: com.ShoppingManagment.Customer.book:Shoppingmanagement:0.0.1-SNAPSHOT @ E:\WorkSpace\Pos\pom.xml.
2019-01-07 11:42:00,347 [Worker-1] INFO  o.e.m.c.i.embedder.EclipseLogger - Using 'UTF-8' encoding to copy filtered resources.
2019-01-07 11:42:00,354 [Worker-1] INFO  o.e.m.c.i.embedder.EclipseLogger - Copying 1 resource
2019-01-07 11:42:00,362 [Worker-1] INFO  o.e.m.c.i.embedder.EclipseLogger - Copying 0 resource
2019-01-07 11:42:00,365 [Worker-1] INFO  o.e.m.c.i.embedder.EclipseLogger - Using 'UTF-8' encoding to copy filtered resources.
2019-01-07 11:42:00,365 [Worker-1] INFO  o.e.m.c.i.embedder.EclipseLogger - skip non existing resourceDirectory E:\WorkSpace\Pos\src\test\resources
2019-01-07 11:46:37,071 [Worker-6] INFO  o.e.m.c.i.embedder.EclipseLogger - Using 'UTF-8' encoding to copy filtered resources.
2019-01-07 11:46:37,071 [Worker-6] INFO  o.e.m.c.i.embedder.EclipseLogger - Copying 0 resource
2019-01-07 11:46:37,071 [Worker-6] INFO  o.e.m.c.i.embedder.EclipseLogger - Copying 0 resource
2019-01-07 11:46:37,075 [Worker-6] INFO  o.e.m.c.i.embedder.EclipseLogger - Using 'UTF-8' encoding to copy filtered resources.
2019-01-07 11:46:37,088 [Worker-6] INFO  o.e.m.c.i.embedder.EclipseLogger - skip non existing resourceDirectory E:\WorkSpace\Pos\src\test\resources
2019-01-07 11:48:29,603 [Worker-6] INFO  o.e.m.c.i.embedder.EclipseLogger - Using 'UTF-8' encoding to copy filtered resources.
2019-01-07 11:48:29,604 [Worker-6] INFO  o.e.m.c.i.embedder.EclipseLogger - Copying 0 resource
2019-01-07 11:48:29,604 [Worker-6] INFO  o.e.m.c.i.embedder.EclipseLogger - Copying 0 resource
2019-01-07 11:48:29,607 [Worker-6] INFO  o.e.m.c.i.embedder.EclipseLogger - Using 'UTF-8' encoding to copy filtered resources.
2019-01-07 11:48:29,608 [Worker-6] INFO  o.e.m.c.i.embedder.EclipseLogger - skip non existing resourceDirectory E:\WorkSpace\Pos\src\test\resources
2019-01-07 11:52:10,628 [Worker-11] INFO  o.e.m.c.i.embedder.EclipseLogger - Using 'UTF-8' encoding to copy filtered resources.
2019-01-07 11:52:10,662 [Worker-11] INFO  o.e.m.c.i.embedder.EclipseLogger - Copying 1 resource
2019-01-07 11:52:10,664 [Worker-11] INFO  o.e.m.c.i.embedder.EclipseLogger - Copying 0 resource
2019-01-07 11:52:10,668 [Worker-11] INFO  o.e.m.c.i.embedder.EclipseLogger - Using 'UTF-8' encoding to copy filtered resources.
2019-01-07 11:52:10,668 [Worker-11] INFO  o.e.m.c.i.embedder.EclipseLogger - skip non existing resourceDirectory E:\WorkSpace\Pos\src\test\resources
2019-01-07 11:54:12,801 [Worker-14] INFO  o.e.m.c.i.l.LifecycleMappingFactory - Using org.maven.ide.eclipse.wtp.WarLifecycleMapping lifecycle mapping for MavenProject: com.ShoppingManagment.Customer.book:Shoppingmanagement:0.0.1-SNAPSHOT @ E:\WorkSpace\Pos\pom.xml.
2019-01-07 11:54:15,883 [Worker-14] INFO  o.e.m.c.i.e.AbstractTransferListenerAdapter - Downloading https://repo.maven.apache.org/maven2/org/apache/tomcat/embed/tomcat-embed-jasper/9.0.13/tomcat-embed-jasper-9.0.13.pom
2019-01-07 11:54:16,189 [Worker-14] INFO  o.e.m.c.i.e.AbstractTransferListenerAdapter - Downloaded https://repo.maven.apache.org/maven2/org/apache/tomcat/embed/tomcat-embed-jasper/9.0.13/tomcat-embed-jasper-9.0.13.pom
2019-01-07 11:54:16,572 [Worker-14] INFO  o.e.m.c.i.e.AbstractTransferListenerAdapter - Downloading https://repo.maven.apache.org/maven2/org/eclipse/jdt/ecj/3.13.102/ecj-3.13.102.pom
2019-01-07 11:54:16,847 [Worker-14] INFO  o.e.m.c.i.e.AbstractTransferListenerAdapter - Downloaded https://repo.maven.apache.org/maven2/org/eclipse/jdt/ecj/3.13.102/ecj-3.13.102.pom
2019-01-07 11:54:18,148 [Worker-14] INFO  o.e.m.c.i.e.AbstractTransferListenerAdapter - Downloading https://repo.maven.apache.org/maven2/org/apache/tomcat/embed/tomcat-embed-jasper/9.0.13/tomcat-embed-jasper-9.0.13.jar
2019-01-07 11:54:20,337 [Worker-14] INFO  o.e.m.c.i.e.AbstractTransferListenerAdapter - Downloaded https://repo.maven.apache.org/maven2/org/apache/tomcat/embed/tomcat-embed-jasper/9.0.13/tomcat-embed-jasper-9.0.13.jar
2019-01-07 11:54:20,611 [Worker-14] INFO  o.e.m.c.i.e.AbstractTransferListenerAdapter - Downloading https://repo.maven.apache.org/maven2/org/apache/tomcat/tomcat-annotations-api/9.0.13/tomcat-annotations-api-9.0.13.jar
2019-01-07 11:54:20,909 [Worker-14] INFO  o.e.m.c.i.e.AbstractTransferListenerAdapter - Downloaded https://repo.maven.apache.org/maven2/org/apache/tomcat/tomcat-annotations-api/9.0.13/tomcat-annotations-api-9.0.13.jar
2019-01-07 11:54:21,198 [Worker-14] INFO  o.e.m.c.i.e.AbstractTransferListenerAdapter - Downloading https://repo.maven.apache.org/maven2/org/eclipse/jdt/ecj/3.13.102/ecj-3.13.102.jar
2019-01-07 11:54:37,955 [Worker-14] INFO  o.e.m.c.i.e.AbstractTransferListenerAdapter - Downloaded https://repo.maven.apache.org/maven2/org/eclipse/jdt/ecj/3.13.102/ecj-3.13.102.jar
2019-01-07 11:54:40,625 [Worker-14] INFO  o.e.m.c.i.embedder.EclipseLogger - Using 'UTF-8' encoding to copy filtered resources.
2019-01-07 11:54:40,630 [Worker-14] INFO  o.e.m.c.i.embedder.EclipseLogger - Copying 0 resource
2019-01-07 11:54:40,630 [Worker-14] INFO  o.e.m.c.i.embedder.EclipseLogger - Copying 0 resource
2019-01-07 11:54:40,634 [Worker-14] INFO  o.e.m.c.i.embedder.EclipseLogger - Using 'UTF-8' encoding to copy filtered resources.
2019-01-07 11:54:40,635 [Worker-14] INFO  o.e.m.c.i.embedder.EclipseLogger - skip non existing resourceDirectory E:\WorkSpace\Pos\src\test\resources
2019-01-07 11:54:40,679 [Worker-14] INFO  o.e.m.w.i.f.ResourceFilteringBuildParticipant - Changed resources require a complete clean of filtered resources of Pos
2019-01-07 11:54:40,680 [Worker-14] INFO  o.e.m.w.i.f.ResourceFilteringBuildParticipant - Executing resource filtering for Pos
2019-01-07 11:54:40,733 [Worker-14] INFO  o.e.m.c.i.embedder.EclipseLogger - Using 'UTF-8' encoding to copy filtered resources.
2019-01-07 11:54:42,679 [Worker-9] INFO  o.e.m.c.i.embedder.EclipseLogger - Using 'UTF-8' encoding to copy filtered resources.
2019-01-07 11:54:42,681 [Worker-9] INFO  o.e.m.c.i.embedder.EclipseLogger - Copying 1 resource
2019-01-07 11:54:42,715 [Worker-9] INFO  o.e.m.c.i.embedder.EclipseLogger - Copying 0 resource
2019-01-07 11:54:42,719 [Worker-9] INFO  o.e.m.c.i.embedder.EclipseLogger - Using 'UTF-8' encoding to copy filtered resources.
2019-01-07 11:54:42,719 [Worker-9] INFO  o.e.m.c.i.embedder.EclipseLogger - skip non existing resourceDirectory E:\WorkSpace\Pos\src\test\resources
2019-01-07 11:54:47,186 [Worker-17] INFO  o.e.m.c.i.p.ProjectConfigurationManager - Update started
2019-01-07 11:54:48,664 [Worker-17] INFO  o.e.m.c.i.l.LifecycleMappingFactory - Using org.maven.ide.eclipse.wtp.WarLifecycleMapping lifecycle mapping for MavenProject: com.ShoppingManagment.Customer.book:Shoppingmanagement:0.0.1-SNAPSHOT @ E:\WorkSpace\Pos\pom.xml.
2019-01-07 11:54:51,050 [Worker-17] INFO  o.e.m.j.i.AbstractJavaProjectConfigurator - Adding source folder /Pos/src/main/java
2019-01-07 11:54:51,051 [Worker-17] INFO  o.e.m.j.i.AbstractJavaProjectConfigurator - Adding resource folder /Pos/src/main/resources
2019-01-07 11:54:51,051 [Worker-17] INFO  o.e.m.j.i.AbstractJavaProjectConfigurator - Adding resource folder /Pos/src/main/resources
2019-01-07 11:54:51,053 [Worker-17] INFO  o.e.m.j.i.AbstractJavaProjectConfigurator - Adding source folder /Pos/src/test/java
2019-01-07 11:54:55,499 [Worker-17] INFO  o.e.m.w.i.f.ResourceFilteringBuildParticipant - Cleaning filtered folder for Pos
2019-01-07 11:54:55,801 [Worker-17] INFO  o.e.m.c.i.p.ProjectConfigurationManager - Update completed: 8 sec
2019-01-07 11:54:57,999 [Worker-17] INFO  o.e.m.c.i.embedder.EclipseLogger - Using 'UTF-8' encoding to copy filtered resources.
2019-01-07 11:54:58,000 [Worker-17] INFO  o.e.m.c.i.embedder.EclipseLogger - Copying 1 resource
2019-01-07 11:54:58,032 [Worker-17] INFO  o.e.m.c.i.embedder.EclipseLogger - Copying 0 resource
2019-01-07 11:54:58,036 [Worker-17] INFO  o.e.m.c.i.embedder.EclipseLogger - Using 'UTF-8' encoding to copy filtered resources.
2019-01-07 11:54:58,036 [Worker-17] INFO  o.e.m.c.i.embedder.EclipseLogger - skip non existing resourceDirectory E:\WorkSpace\Pos\src\test\resources
2019-01-07 11:54:58,037 [Worker-17] INFO  o.e.m.w.i.f.ResourceFilteringBuildParticipant - Changed resources require a complete clean of filtered resources of Pos
2019-01-07 11:54:58,037 [Worker-17] INFO  o.e.m.w.i.f.ResourceFilteringBuildParticipant - Executing resource filtering for Pos
2019-01-07 11:54:58,046 [Worker-17] INFO  o.e.m.c.i.embedder.EclipseLogger - Using 'UTF-8' encoding to copy filtered resources.
2019-01-07 11:56:31,586 [Worker-9] INFO  o.e.m.c.i.embedder.EclipseLogger - Using 'UTF-8' encoding to copy filtered resources.
2019-01-07 11:56:31,589 [Worker-9] INFO  o.e.m.c.i.embedder.EclipseLogger - Copying 1 resource
2019-01-07 11:56:31,591 [Worker-9] INFO  o.e.m.c.i.embedder.EclipseLogger - Copying 0 resource
2019-01-07 11:56:31,595 [Worker-9] INFO  o.e.m.c.i.embedder.EclipseLogger - Using 'UTF-8' encoding to copy filtered resources.
2019-01-07 11:56:31,595 [Worker-9] INFO  o.e.m.c.i.embedder.EclipseLogger - skip non existing resourceDirectory E:\WorkSpace\Pos\src\test\resources
2019-01-07 12:03:00,002 [Worker-51] INFO  o.e.m.c.i.embedder.EclipseLogger - Using 'UTF-8' encoding to copy filtered resources.
2019-01-07 12:03:00,004 [Worker-51] INFO  o.e.m.c.i.embedder.EclipseLogger - Copying 1 resource
2019-01-07 12:03:00,007 [Worker-51] INFO  o.e.m.c.i.embedder.EclipseLogger - Copying 0 resource
2019-01-07 12:03:00,010 [Worker-51] INFO  o.e.m.c.i.embedder.EclipseLogger - Using 'UTF-8' encoding to copy filtered resources.
2019-01-07 12:03:00,010 [Worker-51] INFO  o.e.m.c.i.embedder.EclipseLogger - skip non existing resourceDirectory E:\WorkSpace\Pos\src\test\resources
2019-01-07 12:03:50,131 [Worker-50] INFO  o.e.m.c.i.embedder.EclipseLogger - Using 'UTF-8' encoding to copy filtered resources.
2019-01-07 12:03:50,132 [Worker-50] INFO  o.e.m.c.i.embedder.EclipseLogger - Copying 1 resource
2019-01-07 12:03:50,135 [Worker-50] INFO  o.e.m.c.i.embedder.EclipseLogger - Copying 0 resource
2019-01-07 12:03:50,139 [Worker-50] INFO  o.e.m.c.i.embedder.EclipseLogger - Using 'UTF-8' encoding to copy filtered resources.
2019-01-07 12:03:50,139 [Worker-50] INFO  o.e.m.c.i.embedder.EclipseLogger - skip non existing resourceDirectory E:\WorkSpace\Pos\src\test\resources
2019-01-07 12:04:06,347 [Worker-31] INFO  o.e.m.c.i.embedder.EclipseLogger - Using 'UTF-8' encoding to copy filtered resources.
2019-01-07 12:04:06,348 [Worker-31] INFO  o.e.m.c.i.embedder.EclipseLogger - Copying 1 resource
2019-01-07 12:04:06,351 [Worker-31] INFO  o.e.m.c.i.embedder.EclipseLogger - Copying 0 resource
2019-01-07 12:04:06,354 [Worker-31] INFO  o.e.m.c.i.embedder.EclipseLogger - Using 'UTF-8' encoding to copy filtered resources.
2019-01-07 12:04:06,354 [Worker-31] INFO  o.e.m.c.i.embedder.EclipseLogger - skip non existing resourceDirectory E:\WorkSpace\Pos\src\test\resources
2019-01-07 12:05:06,260 [Worker-43] INFO  o.e.m.c.i.embedder.EclipseLogger - Using 'UTF-8' encoding to copy filtered resources.
2019-01-07 12:05:06,262 [Worker-43] INFO  o.e.m.c.i.embedder.EclipseLogger - Copying 1 resource
2019-01-07 12:05:06,280 [Worker-43] INFO  o.e.m.c.i.embedder.EclipseLogger - Copying 0 resource
2019-01-07 12:05:06,284 [Worker-43] INFO  o.e.m.c.i.embedder.EclipseLogger - Using 'UTF-8' encoding to copy filtered resources.
2019-01-07 12:05:06,285 [Worker-43] INFO  o.e.m.c.i.embedder.EclipseLogger - skip non existing resourceDirectory E:\WorkSpace\Pos\src\test\resources
2019-01-07 12:05:58,273 [Worker-51] INFO  o.e.m.c.i.embedder.EclipseLogger - Using 'UTF-8' encoding to copy filtered resources.
2019-01-07 12:05:58,276 [Worker-51] INFO  o.e.m.c.i.embedder.EclipseLogger - Copying 0 resource
2019-01-07 12:05:58,276 [Worker-51] INFO  o.e.m.c.i.embedder.EclipseLogger - Copying 0 resource
2019-01-07 12:05:58,296 [Worker-51] INFO  o.e.m.c.i.embedder.EclipseLogger - Using 'UTF-8' encoding to copy filtered resources.
2019-01-07 12:05:58,297 [Worker-51] INFO  o.e.m.c.i.embedder.EclipseLogger - skip non existing resourceDirectory E:\WorkSpace\Pos\src\test\resources
2019-01-07 12:06:30,875 [Worker-45] INFO  o.e.m.c.i.embedder.EclipseLogger - Using 'UTF-8' encoding to copy filtered resources.
2019-01-07 12:06:30,883 [Worker-45] INFO  o.e.m.c.i.embedder.EclipseLogger - Copying 1 resource
2019-01-07 12:06:30,887 [Worker-45] INFO  o.e.m.c.i.embedder.EclipseLogger - Copying 0 resource
2019-01-07 12:06:30,893 [Worker-45] INFO  o.e.m.c.i.embedder.EclipseLogger - Using 'UTF-8' encoding to copy filtered resources.
2019-01-07 12:06:30,894 [Worker-45] INFO  o.e.m.c.i.embedder.EclipseLogger - skip non existing resourceDirectory E:\WorkSpace\Pos\src\test\resources
2019-01-07 12:07:11,448 [Worker-43] INFO  o.e.m.c.i.embedder.EclipseLogger - Using 'UTF-8' encoding to copy filtered resources.
2019-01-07 12:07:11,449 [Worker-43] INFO  o.e.m.c.i.embedder.EclipseLogger - Copying 0 resource
2019-01-07 12:07:11,449 [Worker-43] INFO  o.e.m.c.i.embedder.EclipseLogger - Copying 0 resource
2019-01-07 12:07:11,453 [Worker-43] INFO  o.e.m.c.i.embedder.EclipseLogger - Using 'UTF-8' encoding to copy filtered resources.
2019-01-07 12:07:11,453 [Worker-43] INFO  o.e.m.c.i.embedder.EclipseLogger - skip non existing resourceDirectory E:\WorkSpace\Pos\src\test\resources
2019-01-07 12:09:16,247 [Worker-51] INFO  o.e.m.c.i.embedder.EclipseLogger - Using 'UTF-8' encoding to copy filtered resources.
2019-01-07 12:09:16,247 [Worker-51] INFO  o.e.m.c.i.embedder.EclipseLogger - Copying 0 resource
2019-01-07 12:09:16,248 [Worker-51] INFO  o.e.m.c.i.embedder.EclipseLogger - Copying 0 resource
2019-01-07 12:09:16,252 [Worker-51] INFO  o.e.m.c.i.embedder.EclipseLogger - Using 'UTF-8' encoding to copy filtered resources.
2019-01-07 12:09:16,253 [Worker-51] INFO  o.e.m.c.i.embedder.EclipseLogger - skip non existing resourceDirectory E:\WorkSpace\Pos\src\test\resources
2019-01-07 12:09:31,412 [Worker-50] INFO  o.e.m.w.i.f.ResourceFilteringBuildParticipant - Cleaning filtered folder for Pos
2019-01-07 12:09:31,931 [Worker-50] INFO  o.e.m.c.i.embedder.EclipseLogger - Using 'UTF-8' encoding to copy filtered resources.
2019-01-07 12:09:31,932 [Worker-50] INFO  o.e.m.c.i.embedder.EclipseLogger - Copying 1 resource
2019-01-07 12:09:31,934 [Worker-50] INFO  o.e.m.c.i.embedder.EclipseLogger - Copying 0 resource
2019-01-07 12:09:31,938 [Worker-50] INFO  o.e.m.c.i.embedder.EclipseLogger - Using 'UTF-8' encoding to copy filtered resources.
2019-01-07 12:09:31,938 [Worker-50] INFO  o.e.m.c.i.embedder.EclipseLogger - skip non existing resourceDirectory E:\WorkSpace\Pos\src\test\resources
2019-01-07 12:09:31,938 [Worker-50] INFO  o.e.m.w.i.f.ResourceFilteringBuildParticipant - Changed resources require a complete clean of filtered resources of Pos
2019-01-07 12:09:31,938 [Worker-50] INFO  o.e.m.w.i.f.ResourceFilteringBuildParticipant - Executing resource filtering for Pos
2019-01-07 12:09:31,945 [Worker-50] INFO  o.e.m.c.i.embedder.EclipseLogger - Using 'UTF-8' encoding to copy filtered resources.
2019-01-07 12:11:44,140 [Worker-45] INFO  o.e.m.c.i.embedder.EclipseLogger - Using 'UTF-8' encoding to copy filtered resources.
2019-01-07 12:11:44,140 [Worker-45] INFO  o.e.m.c.i.embedder.EclipseLogger - Copying 0 resource
2019-01-07 12:11:44,140 [Worker-45] INFO  o.e.m.c.i.embedder.EclipseLogger - Copying 0 resource
2019-01-07 12:11:44,143 [Worker-45] INFO  o.e.m.c.i.embedder.EclipseLogger - Using 'UTF-8' encoding to copy filtered resources.
2019-01-07 12:11:44,144 [Worker-45] INFO  o.e.m.c.i.embedder.EclipseLogger - skip non existing resourceDirectory E:\WorkSpace\Pos\src\test\resources
2019-01-07 12:13:44,307 [Worker-31] INFO  o.e.m.c.i.embedder.EclipseLogger - Using 'UTF-8' encoding to copy filtered resources.
2019-01-07 12:13:44,321 [Worker-31] INFO  o.e.m.c.i.embedder.EclipseLogger - Copying 1 resource
2019-01-07 12:13:44,325 [Worker-31] INFO  o.e.m.c.i.embedder.EclipseLogger - Copying 0 resource
2019-01-07 12:13:44,333 [Worker-31] INFO  o.e.m.c.i.embedder.EclipseLogger - Using 'UTF-8' encoding to copy filtered resources.
2019-01-07 12:13:44,333 [Worker-31] INFO  o.e.m.c.i.embedder.EclipseLogger - skip non existing resourceDirectory E:\WorkSpace\Pos\src\test\resources
2019-01-07 12:14:25,672 [Worker-49] INFO  o.e.m.c.i.p.ProjectConfigurationManager - Update started
2019-01-07 12:14:29,103 [Worker-49] INFO  o.e.m.c.i.l.LifecycleMappingFactory - Using org.maven.ide.eclipse.wtp.WarLifecycleMapping lifecycle mapping for MavenProject: com.ShoppingManagment.Customer.book:Shoppingmanagement:0.0.1-SNAPSHOT @ E:\WorkSpace\Pos\pom.xml.
2019-01-07 12:14:34,977 [Worker-49] INFO  o.e.m.j.i.AbstractJavaProjectConfigurator - Adding source folder /Pos/src/main/java
2019-01-07 12:14:34,981 [Worker-49] INFO  o.e.m.j.i.AbstractJavaProjectConfigurator - Adding resource folder /Pos/src/main/resources
2019-01-07 12:14:34,981 [Worker-49] INFO  o.e.m.j.i.AbstractJavaProjectConfigurator - Adding resource folder /Pos/src/main/resources
2019-01-07 12:14:34,982 [Worker-49] INFO  o.e.m.j.i.AbstractJavaProjectConfigurator - Adding source folder /Pos/src/test/java
2019-01-07 12:14:37,871 [Worker-49] INFO  o.e.m.w.i.f.ResourceFilteringBuildParticipant - Cleaning filtered folder for Pos
2019-01-07 12:14:37,881 [Worker-49] INFO  o.e.m.c.i.p.ProjectConfigurationManager - Update completed: 12 sec
2019-01-07 12:14:40,058 [Worker-47] INFO  o.e.m.c.i.embedder.EclipseLogger - Using 'UTF-8' encoding to copy filtered resources.
2019-01-07 12:14:40,060 [Worker-47] INFO  o.e.m.c.i.embedder.EclipseLogger - Copying 1 resource
2019-01-07 12:14:40,090 [Worker-47] INFO  o.e.m.c.i.embedder.EclipseLogger - Copying 0 resource
2019-01-07 12:14:40,094 [Worker-47] INFO  o.e.m.c.i.embedder.EclipseLogger - Using 'UTF-8' encoding to copy filtered resources.
2019-01-07 12:14:40,095 [Worker-47] INFO  o.e.m.c.i.embedder.EclipseLogger - skip non existing resourceDirectory E:\WorkSpace\Pos\src\test\resources
2019-01-07 12:14:40,095 [Worker-47] INFO  o.e.m.w.i.f.ResourceFilteringBuildParticipant - Changed resources require a complete clean of filtered resources of Pos
2019-01-07 12:14:40,095 [Worker-47] INFO  o.e.m.w.i.f.ResourceFilteringBuildParticipant - Executing resource filtering for Pos
2019-01-07 12:14:40,103 [Worker-47] INFO  o.e.m.c.i.embedder.EclipseLogger - Using 'UTF-8' encoding to copy filtered resources.
2019-01-07 12:15:45,476 [Worker-45] INFO  o.e.m.c.i.embedder.EclipseLogger - Using 'UTF-8' encoding to copy filtered resources.
2019-01-07 12:15:45,477 [Worker-45] INFO  o.e.m.c.i.embedder.EclipseLogger - Copying 1 resource
2019-01-07 12:15:45,480 [Worker-45] INFO  o.e.m.c.i.embedder.EclipseLogger - Copying 0 resource
2019-01-07 12:15:45,537 [Worker-45] INFO  o.e.m.c.i.embedder.EclipseLogger - Using 'UTF-8' encoding to copy filtered resources.
2019-01-07 12:15:45,537 [Worker-45] INFO  o.e.m.c.i.embedder.EclipseLogger - skip non existing resourceDirectory E:\WorkSpace\Pos\src\test\resources
2019-01-07 12:35:24,970 [Worker-42] INFO  o.e.m.c.i.embedder.EclipseLogger - Using 'UTF-8' encoding to copy filtered resources.
2019-01-07 12:35:24,971 [Worker-42] INFO  o.e.m.c.i.embedder.EclipseLogger - Copying 0 resource
2019-01-07 12:35:24,971 [Worker-42] INFO  o.e.m.c.i.embedder.EclipseLogger - Copying 0 resource
2019-01-07 12:35:24,976 [Worker-42] INFO  o.e.m.c.i.embedder.EclipseLogger - Using 'UTF-8' encoding to copy filtered resources.
2019-01-07 12:35:24,976 [Worker-42] INFO  o.e.m.c.i.embedder.EclipseLogger - skip non existing resourceDirectory E:\WorkSpace\Pos\src\test\resources
2019-01-07 12:36:17,904 [Worker-50] INFO  o.e.m.c.i.embedder.EclipseLogger - Using 'UTF-8' encoding to copy filtered resources.
2019-01-07 12:36:17,905 [Worker-50] INFO  o.e.m.c.i.embedder.EclipseLogger - Copying 0 resource
2019-01-07 12:36:17,905 [Worker-50] INFO  o.e.m.c.i.embedder.EclipseLogger - Copying 0 resource
2019-01-07 12:36:17,908 [Worker-50] INFO  o.e.m.c.i.embedder.EclipseLogger - Using 'UTF-8' encoding to copy filtered resources.
2019-01-07 12:36:17,908 [Worker-50] INFO  o.e.m.c.i.embedder.EclipseLogger - skip non existing resourceDirectory E:\WorkSpace\Pos\src\test\resources
2019-01-07 12:36:41,482 [Worker-50] INFO  o.e.m.c.i.embedder.EclipseLogger - Using 'UTF-8' encoding to copy filtered resources.
2019-01-07 12:36:41,482 [Worker-50] INFO  o.e.m.c.i.embedder.EclipseLogger - Copying 0 resource
2019-01-07 12:36:41,482 [Worker-50] INFO  o.e.m.c.i.embedder.EclipseLogger - Copying 0 resource
2019-01-07 12:36:41,484 [Worker-50] INFO  o.e.m.c.i.embedder.EclipseLogger - Using 'UTF-8' encoding to copy filtered resources.
2019-01-07 12:36:41,484 [Worker-50] INFO  o.e.m.c.i.embedder.EclipseLogger - skip non existing resourceDirectory E:\WorkSpace\Pos\src\test\resources
2019-01-07 12:37:26,995 [Worker-54] INFO  o.e.m.c.i.embedder.EclipseLogger - Using 'UTF-8' encoding to copy filtered resources.
2019-01-07 12:37:27,002 [Worker-54] INFO  o.e.m.c.i.embedder.EclipseLogger - Copying 1 resource
2019-01-07 12:37:27,005 [Worker-54] INFO  o.e.m.c.i.embedder.EclipseLogger - Copying 0 resource
2019-01-07 12:37:27,009 [Worker-54] INFO  o.e.m.c.i.embedder.EclipseLogger - Using 'UTF-8' encoding to copy filtered resources.
2019-01-07 12:37:27,009 [Worker-54] INFO  o.e.m.c.i.embedder.EclipseLogger - skip non existing resourceDirectory E:\WorkSpace\Pos\src\test\resources
2019-01-07 12:40:40,519 [Worker-56] INFO  o.e.m.c.i.p.ProjectConfigurationManager - Update started
2019-01-07 12:40:42,966 [Worker-56] INFO  o.e.m.c.i.l.LifecycleMappingFactory - Using org.maven.ide.eclipse.wtp.WarLifecycleMapping lifecycle mapping for MavenProject: com.ShoppingManagment.Customer.book:Shoppingmanagement:0.0.1-SNAPSHOT @ E:\WorkSpace\Pos\pom.xml.
2019-01-07 12:40:48,778 [Worker-56] INFO  o.e.m.j.i.AbstractJavaProjectConfigurator - Adding source folder /Pos/src/main/java
2019-01-07 12:40:48,778 [Worker-56] INFO  o.e.m.j.i.AbstractJavaProjectConfigurator - Adding resource folder /Pos/src/main/resources
2019-01-07 12:40:48,779 [Worker-56] INFO  o.e.m.j.i.AbstractJavaProjectConfigurator - Adding resource folder /Pos/src/main/resources
2019-01-07 12:40:48,779 [Worker-56] INFO  o.e.m.j.i.AbstractJavaProjectConfigurator - Adding source folder /Pos/src/test/java
2019-01-07 12:40:51,709 [Worker-56] INFO  o.e.m.w.i.f.ResourceFilteringBuildParticipant - Cleaning filtered folder for Pos
2019-01-07 12:40:51,717 [Worker-56] INFO  o.e.m.c.i.p.ProjectConfigurationManager - Update completed: 11 sec
2019-01-07 12:40:53,822 [Worker-63] INFO  o.e.m.c.i.embedder.EclipseLogger - Using 'UTF-8' encoding to copy filtered resources.
2019-01-07 12:40:53,824 [Worker-63] INFO  o.e.m.c.i.embedder.EclipseLogger - Copying 1 resource
2019-01-07 12:40:53,871 [Worker-63] INFO  o.e.m.c.i.embedder.EclipseLogger - Copying 0 resource
2019-01-07 12:40:53,922 [Worker-63] INFO  o.e.m.c.i.embedder.EclipseLogger - Using 'UTF-8' encoding to copy filtered resources.
2019-01-07 12:40:53,922 [Worker-63] INFO  o.e.m.c.i.embedder.EclipseLogger - skip non existing resourceDirectory E:\WorkSpace\Pos\src\test\resources
2019-01-07 12:40:53,923 [Worker-63] INFO  o.e.m.w.i.f.ResourceFilteringBuildParticipant - Changed resources require a complete clean of filtered resources of Pos
2019-01-07 12:40:53,923 [Worker-63] INFO  o.e.m.w.i.f.ResourceFilteringBuildParticipant - Executing resource filtering for Pos
2019-01-07 12:40:53,930 [Worker-63] INFO  o.e.m.c.i.embedder.EclipseLogger - Using 'UTF-8' encoding to copy filtered resources.
2019-01-07 12:46:14,192 [Worker-55] INFO  o.e.m.c.i.embedder.EclipseLogger - Using 'UTF-8' encoding to copy filtered resources.
2019-01-07 12:46:14,194 [Worker-55] INFO  o.e.m.c.i.embedder.EclipseLogger - Copying 0 resource
2019-01-07 12:46:14,195 [Worker-55] INFO  o.e.m.c.i.embedder.EclipseLogger - Copying 0 resource
2019-01-07 12:46:14,197 [Worker-55] INFO  o.e.m.c.i.embedder.EclipseLogger - Using 'UTF-8' encoding to copy filtered resources.
2019-01-07 12:46:14,197 [Worker-55] INFO  o.e.m.c.i.embedder.EclipseLogger - skip non existing resourceDirectory E:\WorkSpace\Pos\src\test\resources
2019-01-07 12:57:02,215 [Worker-81] INFO  o.e.m.c.i.embedder.EclipseLogger - Using 'UTF-8' encoding to copy filtered resources.
2019-01-07 12:57:02,217 [Worker-81] INFO  o.e.m.c.i.embedder.EclipseLogger - Copying 1 resource
2019-01-07 12:57:02,220 [Worker-81] INFO  o.e.m.c.i.embedder.EclipseLogger - Copying 0 resource
2019-01-07 12:57:02,223 [Worker-81] INFO  o.e.m.c.i.embedder.EclipseLogger - Using 'UTF-8' encoding to copy filtered resources.
2019-01-07 12:57:02,224 [Worker-81] INFO  o.e.m.c.i.embedder.EclipseLogger - skip non existing resourceDirectory E:\WorkSpace\Pos\src\test\resources
2019-01-07 12:57:14,237 [Worker-72] INFO  o.e.m.c.i.embedder.EclipseLogger - Using 'UTF-8' encoding to copy filtered resources.
2019-01-07 12:57:14,238 [Worker-72] INFO  o.e.m.c.i.embedder.EclipseLogger - Copying 0 resource
2019-01-07 12:57:14,238 [Worker-72] INFO  o.e.m.c.i.embedder.EclipseLogger - Copying 0 resource
2019-01-07 12:57:14,241 [Worker-72] INFO  o.e.m.c.i.embedder.EclipseLogger - Using 'UTF-8' encoding to copy filtered resources.
2019-01-07 12:57:14,241 [Worker-72] INFO  o.e.m.c.i.embedder.EclipseLogger - skip non existing resourceDirectory E:\WorkSpace\Pos\src\test\resources
2019-01-07 13:00:41,902 [Worker-84] INFO  o.e.m.c.i.embedder.EclipseLogger - Using 'UTF-8' encoding to copy filtered resources.
2019-01-07 13:00:41,904 [Worker-84] INFO  o.e.m.c.i.embedder.EclipseLogger - Copying 1 resource
2019-01-07 13:00:41,905 [Worker-84] INFO  o.e.m.c.i.embedder.EclipseLogger - Copying 0 resource
2019-01-07 13:00:41,908 [Worker-84] INFO  o.e.m.c.i.embedder.EclipseLogger - Using 'UTF-8' encoding to copy filtered resources.
2019-01-07 13:00:41,908 [Worker-84] INFO  o.e.m.c.i.embedder.EclipseLogger - skip non existing resourceDirectory E:\WorkSpace\Pos\src\test\resources
2019-01-07 13:29:52,417 [Worker-91] INFO  o.e.m.c.i.embedder.EclipseLogger - Using 'UTF-8' encoding to copy filtered resources.
2019-01-07 13:29:52,417 [Worker-91] INFO  o.e.m.c.i.embedder.EclipseLogger - Copying 0 resource
2019-01-07 13:29:52,417 [Worker-91] INFO  o.e.m.c.i.embedder.EclipseLogger - Copying 0 resource
2019-01-07 13:29:52,420 [Worker-91] INFO  o.e.m.c.i.embedder.EclipseLogger - Using 'UTF-8' encoding to copy filtered resources.
2019-01-07 13:29:52,421 [Worker-91] INFO  o.e.m.c.i.embedder.EclipseLogger - skip non existing resourceDirectory E:\WorkSpace\Pos\src\test\resources
2019-01-07 13:30:18,197 [Worker-94] INFO  o.e.m.c.i.embedder.EclipseLogger - Using 'UTF-8' encoding to copy filtered resources.
2019-01-07 13:30:18,198 [Worker-94] INFO  o.e.m.c.i.embedder.EclipseLogger - Copying 1 resource
2019-01-07 13:30:18,215 [Worker-94] INFO  o.e.m.c.i.embedder.EclipseLogger - Copying 0 resource
2019-01-07 13:30:18,218 [Worker-94] INFO  o.e.m.c.i.embedder.EclipseLogger - Using 'UTF-8' encoding to copy filtered resources.
2019-01-07 13:30:18,218 [Worker-94] INFO  o.e.m.c.i.embedder.EclipseLogger - skip non existing resourceDirectory E:\WorkSpace\Pos\src\test\resources
2019-01-07 13:33:51,100 [Worker-91] INFO  o.e.m.c.i.embedder.EclipseLogger - Using 'UTF-8' encoding to copy filtered resources.
2019-01-07 13:33:51,101 [Worker-91] INFO  o.e.m.c.i.embedder.EclipseLogger - Copying 0 resource
2019-01-07 13:33:51,101 [Worker-91] INFO  o.e.m.c.i.embedder.EclipseLogger - Copying 0 resource
2019-01-07 13:33:51,104 [Worker-91] INFO  o.e.m.c.i.embedder.EclipseLogger - Using 'UTF-8' encoding to copy filtered resources.
2019-01-07 13:33:51,104 [Worker-91] INFO  o.e.m.c.i.embedder.EclipseLogger - skip non existing resourceDirectory E:\WorkSpace\Pos\src\test\resources
2019-01-07 13:34:11,662 [Worker-91] INFO  o.e.m.c.i.embedder.EclipseLogger - Using 'UTF-8' encoding to copy filtered resources.
2019-01-07 13:34:11,663 [Worker-91] INFO  o.e.m.c.i.embedder.EclipseLogger - Copying 0 resource
2019-01-07 13:34:11,663 [Worker-91] INFO  o.e.m.c.i.embedder.EclipseLogger - Copying 0 resource
2019-01-07 13:34:11,665 [Worker-91] INFO  o.e.m.c.i.embedder.EclipseLogger - Using 'UTF-8' encoding to copy filtered resources.
2019-01-07 13:34:11,665 [Worker-91] INFO  o.e.m.c.i.embedder.EclipseLogger - skip non existing resourceDirectory E:\WorkSpace\Pos\src\test\resources
2019-01-07 13:34:27,583 [Worker-99] INFO  o.e.m.c.i.embedder.EclipseLogger - Using 'UTF-8' encoding to copy filtered resources.
2019-01-07 13:34:27,583 [Worker-99] INFO  o.e.m.c.i.embedder.EclipseLogger - Copying 0 resource
2019-01-07 13:34:27,583 [Worker-99] INFO  o.e.m.c.i.embedder.EclipseLogger - Copying 0 resource
2019-01-07 13:34:27,586 [Worker-99] INFO  o.e.m.c.i.embedder.EclipseLogger - Using 'UTF-8' encoding to copy filtered resources.
2019-01-07 13:34:27,586 [Worker-99] INFO  o.e.m.c.i.embedder.EclipseLogger - skip non existing resourceDirectory E:\WorkSpace\Pos\src\test\resources
2019-01-07 14:50:04,229 [Worker-105] INFO  o.e.m.c.i.embedder.EclipseLogger - Using 'UTF-8' encoding to copy filtered resources.
2019-01-07 14:50:04,232 [Worker-105] INFO  o.e.m.c.i.embedder.EclipseLogger - Copying 1 resource
2019-01-07 14:50:04,237 [Worker-105] INFO  o.e.m.c.i.embedder.EclipseLogger - Copying 0 resource
2019-01-07 14:50:04,241 [Worker-105] INFO  o.e.m.c.i.embedder.EclipseLogger - Using 'UTF-8' encoding to copy filtered resources.
2019-01-07 14:50:04,241 [Worker-105] INFO  o.e.m.c.i.embedder.EclipseLogger - skip non existing resourceDirectory E:\WorkSpace\Pos\src\test\resources
2019-01-07 14:53:33,859 [Worker-107] INFO  o.e.m.c.i.embedder.EclipseLogger - Using 'UTF-8' encoding to copy filtered resources.
2019-01-07 14:53:33,861 [Worker-107] INFO  o.e.m.c.i.embedder.EclipseLogger - Copying 1 resource
2019-01-07 14:53:33,865 [Worker-107] INFO  o.e.m.c.i.embedder.EclipseLogger - Copying 0 resource
2019-01-07 14:53:33,869 [Worker-107] INFO  o.e.m.c.i.embedder.EclipseLogger - Using 'UTF-8' encoding to copy filtered resources.
2019-01-07 14:53:33,869 [Worker-107] INFO  o.e.m.c.i.embedder.EclipseLogger - skip non existing resourceDirectory E:\WorkSpace\Pos\src\test\resources
2019-01-07 14:55:55,471 [Worker-108] INFO  o.e.m.c.i.embedder.EclipseLogger - Using 'UTF-8' encoding to copy filtered resources.
2019-01-07 14:55:55,472 [Worker-108] INFO  o.e.m.c.i.embedder.EclipseLogger - Copying 1 resource
2019-01-07 14:55:55,474 [Worker-108] INFO  o.e.m.c.i.embedder.EclipseLogger - Copying 0 resource
2019-01-07 14:55:55,476 [Worker-108] INFO  o.e.m.c.i.embedder.EclipseLogger - Using 'UTF-8' encoding to copy filtered resources.
2019-01-07 14:55:55,476 [Worker-108] INFO  o.e.m.c.i.embedder.EclipseLogger - skip non existing resourceDirectory E:\WorkSpace\Pos\src\test\resources
2019-01-07 14:56:03,109 [Worker-104] INFO  o.e.m.c.i.embedder.EclipseLogger - Using 'UTF-8' encoding to copy filtered resources.
2019-01-07 14:56:03,110 [Worker-104] INFO  o.e.m.c.i.embedder.EclipseLogger - Copying 1 resource
2019-01-07 14:56:03,112 [Worker-104] INFO  o.e.m.c.i.embedder.EclipseLogger - Copying 0 resource
2019-01-07 14:56:03,115 [Worker-104] INFO  o.e.m.c.i.embedder.EclipseLogger - Using 'UTF-8' encoding to copy filtered resources.
2019-01-07 14:56:03,115 [Worker-104] INFO  o.e.m.c.i.embedder.EclipseLogger - skip non existing resourceDirectory E:\WorkSpace\Pos\src\test\resources
2019-01-07 14:57:02,422 [Worker-108] INFO  o.e.m.c.i.embedder.EclipseLogger - Using 'UTF-8' encoding to copy filtered resources.
2019-01-07 14:57:02,423 [Worker-108] INFO  o.e.m.c.i.embedder.EclipseLogger - Copying 0 resource
2019-01-07 14:57:02,423 [Worker-108] INFO  o.e.m.c.i.embedder.EclipseLogger - Copying 0 resource
2019-01-07 14:57:02,426 [Worker-108] INFO  o.e.m.c.i.embedder.EclipseLogger - Using 'UTF-8' encoding to copy filtered resources.
2019-01-07 14:57:02,427 [Worker-108] INFO  o.e.m.c.i.embedder.EclipseLogger - skip non existing resourceDirectory E:\WorkSpace\Pos\src\test\resources
2019-01-07 14:57:56,215 [Worker-107] INFO  o.e.m.c.i.embedder.EclipseLogger - Using 'UTF-8' encoding to copy filtered resources.
2019-01-07 14:57:56,219 [Worker-107] INFO  o.e.m.c.i.embedder.EclipseLogger - Copying 1 resource
2019-01-07 14:57:56,225 [Worker-107] INFO  o.e.m.c.i.embedder.EclipseLogger - Copying 0 resource
2019-01-07 14:57:56,330 [Worker-107] INFO  o.e.m.c.i.embedder.EclipseLogger - Using 'UTF-8' encoding to copy filtered resources.
2019-01-07 14:57:56,331 [Worker-107] INFO  o.e.m.c.i.embedder.EclipseLogger - skip non existing resourceDirectory E:\WorkSpace\Pos\src\test\resources
2019-01-07 15:28:49,114 [Worker-113] INFO  o.e.m.c.i.embedder.EclipseLogger - Using 'UTF-8' encoding to copy filtered resources.
2019-01-07 15:28:49,115 [Worker-113] INFO  o.e.m.c.i.embedder.EclipseLogger - Copying 0 resource
2019-01-07 15:28:49,116 [Worker-113] INFO  o.e.m.c.i.embedder.EclipseLogger - Copying 0 resource
2019-01-07 15:28:49,119 [Worker-113] INFO  o.e.m.c.i.embedder.EclipseLogger - Using 'UTF-8' encoding to copy filtered resources.
2019-01-07 15:28:49,119 [Worker-113] INFO  o.e.m.c.i.embedder.EclipseLogger - skip non existing resourceDirectory E:\WorkSpace\Pos\src\test\resources
2019-01-07 15:30:05,786 [Worker-112] INFO  o.e.m.c.i.embedder.EclipseLogger - Using 'UTF-8' encoding to copy filtered resources.
2019-01-07 15:30:05,787 [Worker-112] INFO  o.e.m.c.i.embedder.EclipseLogger - Copying 1 resource
2019-01-07 15:30:05,789 [Worker-112] INFO  o.e.m.c.i.embedder.EclipseLogger - Copying 0 resource
2019-01-07 15:30:05,791 [Worker-112] INFO  o.e.m.c.i.embedder.EclipseLogger - Using 'UTF-8' encoding to copy filtered resources.
2019-01-07 15:30:05,791 [Worker-112] INFO  o.e.m.c.i.embedder.EclipseLogger - skip non existing resourceDirectory E:\WorkSpace\Pos\src\test\resources
2019-01-07 15:32:29,316 [Worker-116] INFO  o.e.m.c.i.embedder.EclipseLogger - Using 'UTF-8' encoding to copy filtered resources.
2019-01-07 15:32:29,317 [Worker-116] INFO  o.e.m.c.i.embedder.EclipseLogger - Copying 0 resource
2019-01-07 15:32:29,317 [Worker-116] INFO  o.e.m.c.i.embedder.EclipseLogger - Copying 0 resource
2019-01-07 15:32:29,452 [Worker-116] INFO  o.e.m.c.i.embedder.EclipseLogger - Using 'UTF-8' encoding to copy filtered resources.
2019-01-07 15:32:29,453 [Worker-116] INFO  o.e.m.c.i.embedder.EclipseLogger - skip non existing resourceDirectory E:\WorkSpace\Pos\src\test\resources
2019-01-07 15:33:59,307 [Worker-118] INFO  o.e.m.c.i.embedder.EclipseLogger - Using 'UTF-8' encoding to copy filtered resources.
2019-01-07 15:33:59,309 [Worker-118] INFO  o.e.m.c.i.embedder.EclipseLogger - Copying 1 resource
2019-01-07 15:33:59,311 [Worker-118] INFO  o.e.m.c.i.embedder.EclipseLogger - Copying 0 resource
2019-01-07 15:33:59,313 [Worker-118] INFO  o.e.m.c.i.embedder.EclipseLogger - Using 'UTF-8' encoding to copy filtered resources.
2019-01-07 15:33:59,313 [Worker-118] INFO  o.e.m.c.i.embedder.EclipseLogger - skip non existing resourceDirectory E:\WorkSpace\Pos\src\test\resources
2019-01-07 15:37:30,070 [Worker-105] INFO  o.e.m.c.i.embedder.EclipseLogger - Using 'UTF-8' encoding to copy filtered resources.
2019-01-07 15:37:30,071 [Worker-105] INFO  o.e.m.c.i.embedder.EclipseLogger - Copying 1 resource
2019-01-07 15:37:30,074 [Worker-105] INFO  o.e.m.c.i.embedder.EclipseLogger - Copying 0 resource
2019-01-07 15:37:30,077 [Worker-105] INFO  o.e.m.c.i.embedder.EclipseLogger - Using 'UTF-8' encoding to copy filtered resources.
2019-01-07 15:37:30,077 [Worker-105] INFO  o.e.m.c.i.embedder.EclipseLogger - skip non existing resourceDirectory E:\WorkSpace\Pos\src\test\resources
2019-01-07 15:38:41,523 [Worker-114] INFO  o.e.m.c.i.embedder.EclipseLogger - Using 'UTF-8' encoding to copy filtered resources.
2019-01-07 15:38:41,524 [Worker-114] INFO  o.e.m.c.i.embedder.EclipseLogger - Copying 0 resource
2019-01-07 15:38:41,527 [Worker-114] INFO  o.e.m.c.i.embedder.EclipseLogger - Copying 0 resource
2019-01-07 15:38:41,540 [Worker-114] INFO  o.e.m.c.i.embedder.EclipseLogger - Using 'UTF-8' encoding to copy filtered resources.
2019-01-07 15:38:41,540 [Worker-114] INFO  o.e.m.c.i.embedder.EclipseLogger - skip non existing resourceDirectory E:\WorkSpace\Pos\src\test\resources
2019-01-07 15:39:14,437 [Worker-118] INFO  o.e.m.c.i.embedder.EclipseLogger - Using 'UTF-8' encoding to copy filtered resources.
2019-01-07 15:39:14,437 [Worker-118] INFO  o.e.m.c.i.embedder.EclipseLogger - Copying 0 resource
2019-01-07 15:39:14,438 [Worker-118] INFO  o.e.m.c.i.embedder.EclipseLogger - Copying 0 resource
2019-01-07 15:39:14,441 [Worker-118] INFO  o.e.m.c.i.embedder.EclipseLogger - Using 'UTF-8' encoding to copy filtered resources.
2019-01-07 15:39:14,441 [Worker-118] INFO  o.e.m.c.i.embedder.EclipseLogger - skip non existing resourceDirectory E:\WorkSpace\Pos\src\test\resources
2019-01-07 15:39:31,792 [Worker-116] INFO  o.e.m.c.i.embedder.EclipseLogger - Using 'UTF-8' encoding to copy filtered resources.
2019-01-07 15:39:31,793 [Worker-116] INFO  o.e.m.c.i.embedder.EclipseLogger - Copying 0 resource
2019-01-07 15:39:31,793 [Worker-116] INFO  o.e.m.c.i.embedder.EclipseLogger - Copying 0 resource
2019-01-07 15:39:31,797 [Worker-116] INFO  o.e.m.c.i.embedder.EclipseLogger - Using 'UTF-8' encoding to copy filtered resources.
2019-01-07 15:39:31,798 [Worker-116] INFO  o.e.m.c.i.embedder.EclipseLogger - skip non existing resourceDirectory E:\WorkSpace\Pos\src\test\resources
2019-01-09 21:44:54,867 [Worker-12] INFO  o.e.m.c.i.embedder.EclipseLogger - Using 'UTF-8' encoding to copy filtered resources.
2019-01-09 21:44:54,895 [Worker-12] INFO  o.e.m.c.i.embedder.EclipseLogger - Copying 1 resource
2019-01-09 21:44:54,927 [Worker-12] INFO  o.e.m.c.i.embedder.EclipseLogger - Copying 0 resource
2019-01-09 21:44:54,934 [Worker-12] INFO  o.e.m.c.i.embedder.EclipseLogger - Using 'UTF-8' encoding to copy filtered resources.
2019-01-09 21:44:54,936 [Worker-12] INFO  o.e.m.c.i.embedder.EclipseLogger - skip non existing resourceDirectory E:\WorkSpace\Pos\src\test\resources
2019-01-10 01:33:19,856 [Worker-29] INFO  o.e.m.c.i.embedder.EclipseLogger - Using 'UTF-8' encoding to copy filtered resources.
2019-01-10 01:33:19,897 [Worker-29] INFO  o.e.m.c.i.embedder.EclipseLogger - Copying 1 resource
2019-01-10 01:33:19,904 [Worker-29] INFO  o.e.m.c.i.embedder.EclipseLogger - Copying 0 resource
2019-01-10 01:33:19,908 [Worker-29] INFO  o.e.m.c.i.embedder.EclipseLogger - Using 'UTF-8' encoding to copy filtered resources.
2019-01-10 01:33:19,908 [Worker-29] INFO  o.e.m.c.i.embedder.EclipseLogger - skip non existing resourceDirectory E:\WorkSpace\Pos\src\test\resources
2019-01-10 01:37:48,673 [Worker-28] INFO  o.e.m.c.i.embedder.EclipseLogger - Using 'UTF-8' encoding to copy filtered resources.
2019-01-10 01:37:48,674 [Worker-28] INFO  o.e.m.c.i.embedder.EclipseLogger - Copying 1 resource
2019-01-10 01:37:48,698 [Worker-28] INFO  o.e.m.c.i.embedder.EclipseLogger - Copying 0 resource
2019-01-10 01:37:48,704 [Worker-28] INFO  o.e.m.c.i.embedder.EclipseLogger - Using 'UTF-8' encoding to copy filtered resources.
2019-01-10 01:37:48,705 [Worker-28] INFO  o.e.m.c.i.embedder.EclipseLogger - skip non existing resourceDirectory E:\WorkSpace\Pos\src\test\resources
2019-01-10 01:39:43,688 [Worker-2] INFO  o.e.m.c.i.embedder.EclipseLogger - Using 'UTF-8' encoding to copy filtered resources.
2019-01-10 01:39:43,706 [Worker-2] INFO  o.e.m.c.i.embedder.EclipseLogger - Copying 1 resource
2019-01-10 01:39:43,764 [Worker-2] INFO  o.e.m.c.i.embedder.EclipseLogger - Copying 0 resource
2019-01-10 01:39:43,772 [Worker-2] INFO  o.e.m.c.i.embedder.EclipseLogger - Using 'UTF-8' encoding to copy filtered resources.
2019-01-10 01:39:43,772 [Worker-2] INFO  o.e.m.c.i.embedder.EclipseLogger - skip non existing resourceDirectory E:\WorkSpace\Pos\src\test\resources
2019-01-10 01:39:52,262 [Worker-2] INFO  o.e.m.c.i.embedder.EclipseLogger - Using 'UTF-8' encoding to copy filtered resources.
2019-01-10 01:39:52,278 [Worker-2] INFO  o.e.m.c.i.embedder.EclipseLogger - Copying 0 resource
2019-01-10 01:39:52,280 [Worker-2] INFO  o.e.m.c.i.embedder.EclipseLogger - Copying 0 resource
2019-01-10 01:39:52,289 [Worker-2] INFO  o.e.m.c.i.embedder.EclipseLogger - Using 'UTF-8' encoding to copy filtered resources.
2019-01-10 01:39:52,290 [Worker-2] INFO  o.e.m.c.i.embedder.EclipseLogger - skip non existing resourceDirectory E:\WorkSpace\Pos\src\test\resources
2019-01-10 01:43:42,945 [Worker-11] INFO  o.e.m.c.i.l.LifecycleMappingFactory - Using org.maven.ide.eclipse.wtp.WarLifecycleMapping lifecycle mapping for MavenProject: com.studentOneToMany.ess:mydemoStudentProjectSpringBoot:0.0.1-SNAPSHOT @ E:\WorkSpace\StudentOneToMany\pom.xml.
2019-01-10 01:44:00,282 [Worker-11] INFO  o.e.m.c.i.embedder.EclipseLogger - Using 'UTF-8' encoding to copy filtered resources.
2019-01-10 01:44:00,283 [Worker-11] INFO  o.e.m.c.i.embedder.EclipseLogger - Copying 1 resource
2019-01-10 01:44:00,326 [Worker-11] INFO  o.e.m.c.i.embedder.EclipseLogger - Copying 0 resource
2019-01-10 01:44:00,334 [Worker-11] INFO  o.e.m.c.i.embedder.EclipseLogger - Using 'UTF-8' encoding to copy filtered resources.
2019-01-10 01:44:00,335 [Worker-11] INFO  o.e.m.c.i.embedder.EclipseLogger - skip non existing resourceDirectory E:\WorkSpace\StudentOneToMany\src\test\resources
2019-01-10 01:44:04,191 [Worker-5] INFO  o.e.m.c.i.embedder.EclipseLogger - Using 'UTF-8' encoding to copy filtered resources.
2019-01-10 01:44:04,294 [Worker-5] INFO  o.e.m.c.i.embedder.EclipseLogger - Copying 1 resource
2019-01-10 01:44:04,316 [Worker-5] INFO  o.e.m.c.i.embedder.EclipseLogger - Copying 0 resource
2019-01-10 01:44:04,322 [Worker-5] INFO  o.e.m.c.i.embedder.EclipseLogger - Using 'UTF-8' encoding to copy filtered resources.
2019-01-10 01:44:04,322 [Worker-5] INFO  o.e.m.c.i.embedder.EclipseLogger - skip non existing resourceDirectory E:\WorkSpace\StudentOneToMany\src\test\resources
2019-01-10 01:47:43,393 [Worker-5] INFO  o.e.m.c.i.embedder.EclipseLogger - Using 'UTF-8' encoding to copy filtered resources.
2019-01-10 01:47:43,394 [Worker-5] INFO  o.e.m.c.i.embedder.EclipseLogger - Copying 0 resource
2019-01-10 01:47:43,394 [Worker-5] INFO  o.e.m.c.i.embedder.EclipseLogger - Copying 0 resource
2019-01-10 01:47:43,400 [Worker-5] INFO  o.e.m.c.i.embedder.EclipseLogger - Using 'UTF-8' encoding to copy filtered resources.
2019-01-10 01:47:43,400 [Worker-5] INFO  o.e.m.c.i.embedder.EclipseLogger - skip non existing resourceDirectory E:\WorkSpace\StudentOneToMany\src\test\resources
2019-01-10 01:48:16,696 [Worker-9] INFO  o.e.m.c.i.embedder.EclipseLogger - Using 'UTF-8' encoding to copy filtered resources.
2019-01-10 01:48:16,698 [Worker-9] INFO  o.e.m.c.i.embedder.EclipseLogger - Copying 1 resource
2019-01-10 01:48:16,711 [Worker-9] INFO  o.e.m.c.i.embedder.EclipseLogger - Copying 0 resource
2019-01-10 01:48:16,716 [Worker-9] INFO  o.e.m.c.i.embedder.EclipseLogger - Using 'UTF-8' encoding to copy filtered resources.
2019-01-10 01:48:16,716 [Worker-9] INFO  o.e.m.c.i.embedder.EclipseLogger - skip non existing resourceDirectory E:\WorkSpace\Pos\src\test\resources
2019-01-10 01:49:56,782 [Worker-5] INFO  o.e.m.c.i.l.LifecycleMappingFactory - Using org.maven.ide.eclipse.wtp.WarLifecycleMapping lifecycle mapping for MavenProject: com.studentOneToMany.ess:mydemoStudentProjectSpringBoot:0.0.1-SNAPSHOT @ E:\WorkSpace\StudentOneToMany\pom.xml.
2019-01-10 01:50:07,216 [Worker-5] INFO  o.e.m.c.i.e.AbstractTransferListenerAdapter - Downloading https://repo.maven.apache.org/maven2/org/apache/tomcat/embed/tomcat-embed-jasper/8.5.34/tomcat-embed-jasper-8.5.34.pom
2019-01-10 01:50:07,530 [Worker-5] INFO  o.e.m.c.i.e.AbstractTransferListenerAdapter - Downloaded https://repo.maven.apache.org/maven2/org/apache/tomcat/embed/tomcat-embed-jasper/8.5.34/tomcat-embed-jasper-8.5.34.pom
2019-01-10 01:50:07,839 [Worker-5] INFO  o.e.m.c.i.e.AbstractTransferListenerAdapter - Downloading https://repo.maven.apache.org/maven2/org/eclipse/jdt/ecj/3.12.3/ecj-3.12.3.pom
2019-01-10 01:50:08,279 [Worker-5] INFO  o.e.m.c.i.e.AbstractTransferListenerAdapter - Downloaded https://repo.maven.apache.org/maven2/org/eclipse/jdt/ecj/3.12.3/ecj-3.12.3.pom
2019-01-10 01:50:10,657 [Worker-5] INFO  o.e.m.c.i.e.AbstractTransferListenerAdapter - Downloading https://repo.maven.apache.org/maven2/org/apache/tomcat/embed/tomcat-embed-jasper/8.5.34/tomcat-embed-jasper-8.5.34.jar
2019-01-10 01:50:17,295 [Worker-5] INFO  o.e.m.c.i.e.AbstractTransferListenerAdapter - Downloaded https://repo.maven.apache.org/maven2/org/apache/tomcat/embed/tomcat-embed-jasper/8.5.34/tomcat-embed-jasper-8.5.34.jar
2019-01-10 01:50:17,825 [Worker-5] INFO  o.e.m.c.i.e.AbstractTransferListenerAdapter - Downloading https://repo.maven.apache.org/maven2/org/apache/tomcat/tomcat-annotations-api/8.5.34/tomcat-annotations-api-8.5.34.jar
2019-01-10 01:50:18,668 [Worker-5] INFO  o.e.m.c.i.e.AbstractTransferListenerAdapter - Downloaded https://repo.maven.apache.org/maven2/org/apache/tomcat/tomcat-annotations-api/8.5.34/tomcat-annotations-api-8.5.34.jar
2019-01-10 01:50:19,269 [Worker-5] INFO  o.e.m.c.i.e.AbstractTransferListenerAdapter - Downloading https://repo.maven.apache.org/maven2/org/eclipse/jdt/ecj/3.12.3/ecj-3.12.3.jar
2019-01-10 01:50:29,713 [Worker-5] INFO  o.e.m.c.i.e.AbstractTransferListenerAdapter - Downloaded https://repo.maven.apache.org/maven2/org/eclipse/jdt/ecj/3.12.3/ecj-3.12.3.jar
2019-01-10 01:50:37,376 [Worker-5] INFO  o.e.m.c.i.embedder.EclipseLogger - Using 'UTF-8' encoding to copy filtered resources.
2019-01-10 01:50:37,383 [Worker-5] INFO  o.e.m.c.i.embedder.EclipseLogger - Copying 0 resource
2019-01-10 01:50:37,384 [Worker-5] INFO  o.e.m.c.i.embedder.EclipseLogger - Copying 0 resource
2019-01-10 01:50:37,387 [Worker-5] INFO  o.e.m.c.i.embedder.EclipseLogger - Using 'UTF-8' encoding to copy filtered resources.
2019-01-10 01:50:37,388 [Worker-5] INFO  o.e.m.c.i.embedder.EclipseLogger - skip non existing resourceDirectory E:\WorkSpace\StudentOneToMany\src\test\resources
2019-01-10 01:50:37,388 [Worker-5] INFO  o.e.m.w.i.f.ResourceFilteringBuildParticipant - Changed resources require a complete clean of filtered resources of StudentOneToMany
2019-01-10 01:50:37,458 [Worker-5] INFO  o.e.m.w.i.f.ResourceFilteringBuildParticipant - Executing resource filtering for StudentOneToMany
2019-01-10 01:50:37,882 [Worker-5] INFO  o.e.m.c.i.embedder.EclipseLogger - Using 'UTF-8' encoding to copy filtered resources.
2019-01-10 01:50:39,062 [Worker-24] INFO  o.e.m.c.i.embedder.EclipseLogger - Using 'UTF-8' encoding to copy filtered resources.
2019-01-10 01:50:39,064 [Worker-24] INFO  o.e.m.c.i.embedder.EclipseLogger - Copying 1 resource
2019-01-10 01:50:39,071 [Worker-24] INFO  o.e.m.c.i.embedder.EclipseLogger - Copying 0 resource
2019-01-10 01:50:39,075 [Worker-24] INFO  o.e.m.c.i.embedder.EclipseLogger - Using 'UTF-8' encoding to copy filtered resources.
2019-01-10 01:50:39,075 [Worker-24] INFO  o.e.m.c.i.embedder.EclipseLogger - skip non existing resourceDirectory E:\WorkSpace\Pos\src\test\resources
2019-01-10 01:50:42,251 [Worker-24] INFO  o.e.m.c.i.embedder.EclipseLogger - Using 'UTF-8' encoding to copy filtered resources.
2019-01-10 01:50:42,252 [Worker-24] INFO  o.e.m.c.i.embedder.EclipseLogger - Copying 1 resource
2019-01-10 01:50:42,286 [Worker-24] INFO  o.e.m.c.i.embedder.EclipseLogger - Copying 0 resource
2019-01-10 01:50:42,291 [Worker-24] INFO  o.e.m.c.i.embedder.EclipseLogger - Using 'UTF-8' encoding to copy filtered resources.
2019-01-10 01:50:42,291 [Worker-24] INFO  o.e.m.c.i.embedder.EclipseLogger - skip non existing resourceDirectory E:\WorkSpace\StudentOneToMany\src\test\resources
2019-01-10 01:50:52,762 [Worker-9] INFO  o.e.m.c.i.embedder.EclipseLogger - Using 'UTF-8' encoding to copy filtered resources.
2019-01-10 01:50:52,762 [Worker-9] INFO  o.e.m.c.i.embedder.EclipseLogger - Copying 0 resource
2019-01-10 01:50:52,763 [Worker-9] INFO  o.e.m.c.i.embedder.EclipseLogger - Copying 0 resource
2019-01-10 01:50:52,780 [Worker-9] INFO  o.e.m.c.i.embedder.EclipseLogger - Using 'UTF-8' encoding to copy filtered resources.
2019-01-10 01:50:52,781 [Worker-9] INFO  o.e.m.c.i.embedder.EclipseLogger - skip non existing resourceDirectory E:\WorkSpace\StudentOneToMany\src\test\resources
2019-01-10 01:51:07,153 [Worker-5] INFO  o.e.m.c.i.p.ProjectConfigurationManager - Update started
2019-01-10 01:51:21,595 [Worker-5] INFO  o.e.m.c.i.l.LifecycleMappingFactory - Using org.maven.ide.eclipse.wtp.WarLifecycleMapping lifecycle mapping for MavenProject: com.studentOneToMany.ess:mydemoStudentProjectSpringBoot:0.0.1-SNAPSHOT @ E:\WorkSpace\StudentOneToMany\pom.xml.
2019-01-10 01:51:33,493 [Worker-5] INFO  o.e.m.j.i.AbstractJavaProjectConfigurator - Adding source folder /StudentOneToMany/src/main/java
2019-01-10 01:51:33,494 [Worker-5] INFO  o.e.m.j.i.AbstractJavaProjectConfigurator - Adding resource folder /StudentOneToMany/src/main/resources
2019-01-10 01:51:33,495 [Worker-5] INFO  o.e.m.j.i.AbstractJavaProjectConfigurator - Adding resource folder /StudentOneToMany/src/main/resources
2019-01-10 01:51:33,496 [Worker-5] INFO  o.e.m.j.i.AbstractJavaProjectConfigurator - Adding source folder /StudentOneToMany/src/test/java
2019-01-10 01:51:41,124 [Worker-5] INFO  o.e.m.w.i.f.ResourceFilteringBuildParticipant - Cleaning filtered folder for StudentOneToMany
2019-01-10 01:51:41,213 [Worker-5] INFO  o.e.m.c.i.p.ProjectConfigurationManager - Update completed: 34 sec
2019-01-10 01:51:41,729 [Worker-26] INFO  o.e.m.c.i.embedder.EclipseLogger - Using 'UTF-8' encoding to copy filtered resources.
2019-01-10 01:51:41,731 [Worker-26] INFO  o.e.m.c.i.embedder.EclipseLogger - Copying 1 resource
2019-01-10 01:51:41,737 [Worker-26] INFO  o.e.m.c.i.embedder.EclipseLogger - Copying 0 resource
2019-01-10 01:51:41,741 [Worker-26] INFO  o.e.m.c.i.embedder.EclipseLogger - Using 'UTF-8' encoding to copy filtered resources.
2019-01-10 01:51:41,741 [Worker-26] INFO  o.e.m.c.i.embedder.EclipseLogger - skip non existing resourceDirectory E:\WorkSpace\Pos\src\test\resources
2019-01-10 01:51:45,111 [Worker-27] INFO  o.e.m.c.i.embedder.EclipseLogger - Using 'UTF-8' encoding to copy filtered resources.
2019-01-10 01:51:45,112 [Worker-27] INFO  o.e.m.c.i.embedder.EclipseLogger - Copying 1 resource
2019-01-10 01:51:45,116 [Worker-27] INFO  o.e.m.c.i.embedder.EclipseLogger - Copying 0 resource
2019-01-10 01:51:45,121 [Worker-27] INFO  o.e.m.c.i.embedder.EclipseLogger - Using 'UTF-8' encoding to copy filtered resources.
2019-01-10 01:51:45,121 [Worker-27] INFO  o.e.m.c.i.embedder.EclipseLogger - skip non existing resourceDirectory E:\WorkSpace\Pos\src\test\resources
2019-01-10 01:51:46,361 [Worker-27] INFO  o.e.m.c.i.embedder.EclipseLogger - Using 'UTF-8' encoding to copy filtered resources.
2019-01-10 01:51:46,361 [Worker-27] INFO  o.e.m.c.i.embedder.EclipseLogger - Copying 1 resource
2019-01-10 01:51:46,387 [Worker-27] INFO  o.e.m.c.i.embedder.EclipseLogger - Copying 0 resource
2019-01-10 01:51:46,391 [Worker-27] INFO  o.e.m.c.i.embedder.EclipseLogger - Using 'UTF-8' encoding to copy filtered resources.
2019-01-10 01:51:46,391 [Worker-27] INFO  o.e.m.c.i.embedder.EclipseLogger - skip non existing resourceDirectory E:\WorkSpace\StudentOneToMany\src\test\resources
2019-01-10 01:51:46,391 [Worker-27] INFO  o.e.m.w.i.f.ResourceFilteringBuildParticipant - Changed resources require a complete clean of filtered resources of StudentOneToMany
2019-01-10 01:51:46,391 [Worker-27] INFO  o.e.m.w.i.f.ResourceFilteringBuildParticipant - Executing resource filtering for StudentOneToMany
2019-01-10 01:51:46,398 [Worker-27] INFO  o.e.m.c.i.embedder.EclipseLogger - Using 'UTF-8' encoding to copy filtered resources.
2019-01-10 01:53:10,679 [Worker-5] INFO  o.e.m.c.i.embedder.EclipseLogger - Using 'UTF-8' encoding to copy filtered resources.
2019-01-10 01:53:10,694 [Worker-5] INFO  o.e.m.c.i.embedder.EclipseLogger - Copying 1 resource
2019-01-10 01:53:10,699 [Worker-5] INFO  o.e.m.c.i.embedder.EclipseLogger - Copying 0 resource
2019-01-10 01:53:10,702 [Worker-5] INFO  o.e.m.c.i.embedder.EclipseLogger - Using 'UTF-8' encoding to copy filtered resources.
2019-01-10 01:53:10,702 [Worker-5] INFO  o.e.m.c.i.embedder.EclipseLogger - skip non existing resourceDirectory E:\WorkSpace\StudentOneToMany\src\test\resources
2019-01-10 10:17:56,682 [Worker-10] INFO  o.e.m.c.i.embedder.EclipseLogger - Using 'UTF-8' encoding to copy filtered resources.
2019-01-10 10:17:56,840 [Worker-10] INFO  o.e.m.c.i.embedder.EclipseLogger - Copying 1 resource
2019-01-10 10:17:56,966 [Worker-10] INFO  o.e.m.c.i.embedder.EclipseLogger - Copying 0 resource
2019-01-10 10:17:56,974 [Worker-10] INFO  o.e.m.c.i.embedder.EclipseLogger - Using 'UTF-8' encoding to copy filtered resources.
2019-01-10 10:17:56,987 [Worker-10] INFO  o.e.m.c.i.embedder.EclipseLogger - skip non existing resourceDirectory E:\WorkSpace\Pos\src\test\resources
2019-01-10 10:18:12,461 [Worker-12] INFO  o.e.m.c.i.embedder.EclipseLogger - Using 'UTF-8' encoding to copy filtered resources.
2019-01-10 10:18:12,463 [Worker-12] INFO  o.e.m.c.i.embedder.EclipseLogger - Copying 1 resource
2019-01-10 10:18:12,509 [Worker-12] INFO  o.e.m.c.i.embedder.EclipseLogger - Copying 0 resource
2019-01-10 10:18:12,515 [Worker-12] INFO  o.e.m.c.i.embedder.EclipseLogger - Using 'UTF-8' encoding to copy filtered resources.
2019-01-10 10:18:12,516 [Worker-12] INFO  o.e.m.c.i.embedder.EclipseLogger - skip non existing resourceDirectory E:\WorkSpace\StudentOneToMany\src\test\resources
2019-01-10 10:18:27,212 [Worker-9] INFO  o.e.m.c.i.embedder.EclipseLogger - Using 'UTF-8' encoding to copy filtered resources.
2019-01-10 10:18:27,215 [Worker-9] INFO  o.e.m.c.i.embedder.EclipseLogger - Copying 0 resource
2019-01-10 10:18:27,216 [Worker-9] INFO  o.e.m.c.i.embedder.EclipseLogger - Copying 0 resource
2019-01-10 10:18:27,222 [Worker-9] INFO  o.e.m.c.i.embedder.EclipseLogger - Using 'UTF-8' encoding to copy filtered resources.
2019-01-10 10:18:27,223 [Worker-9] INFO  o.e.m.c.i.embedder.EclipseLogger - skip non existing resourceDirectory E:\WorkSpace\StudentOneToMany\src\test\resources
2019-01-10 10:19:04,284 [Worker-21] INFO  o.e.m.c.i.embedder.EclipseLogger - Using 'UTF-8' encoding to copy filtered resources.
2019-01-10 10:19:04,285 [Worker-21] INFO  o.e.m.c.i.embedder.EclipseLogger - Copying 0 resource
2019-01-10 10:19:04,286 [Worker-21] INFO  o.e.m.c.i.embedder.EclipseLogger - Copying 0 resource
2019-01-10 10:19:04,292 [Worker-21] INFO  o.e.m.c.i.embedder.EclipseLogger - Using 'UTF-8' encoding to copy filtered resources.
2019-01-10 10:19:04,292 [Worker-21] INFO  o.e.m.c.i.embedder.EclipseLogger - skip non existing resourceDirectory E:\WorkSpace\StudentOneToMany\src\test\resources
2019-01-10 10:21:51,632 [Worker-23] INFO  o.e.m.c.i.embedder.EclipseLogger - Using 'UTF-8' encoding to copy filtered resources.
2019-01-10 10:21:51,632 [Worker-23] INFO  o.e.m.c.i.embedder.EclipseLogger - Copying 0 resource
2019-01-10 10:21:51,633 [Worker-23] INFO  o.e.m.c.i.embedder.EclipseLogger - Copying 0 resource
2019-01-10 10:21:51,639 [Worker-23] INFO  o.e.m.c.i.embedder.EclipseLogger - Using 'UTF-8' encoding to copy filtered resources.
2019-01-10 10:21:51,640 [Worker-23] INFO  o.e.m.c.i.embedder.EclipseLogger - skip non existing resourceDirectory E:\WorkSpace\StudentOneToMany\src\test\resources
2019-01-10 10:25:10,383 [Worker-25] INFO  o.e.m.c.i.embedder.EclipseLogger - Using 'UTF-8' encoding to copy filtered resources.
2019-01-10 10:25:10,384 [Worker-25] INFO  o.e.m.c.i.embedder.EclipseLogger - Copying 0 resource
2019-01-10 10:25:10,384 [Worker-25] INFO  o.e.m.c.i.embedder.EclipseLogger - Copying 0 resource
2019-01-10 10:25:10,389 [Worker-25] INFO  o.e.m.c.i.embedder.EclipseLogger - Using 'UTF-8' encoding to copy filtered resources.
2019-01-10 10:25:10,389 [Worker-25] INFO  o.e.m.c.i.embedder.EclipseLogger - skip non existing resourceDirectory E:\WorkSpace\StudentOneToMany\src\test\resources
2019-01-10 10:32:27,328 [Worker-28] INFO  o.e.m.c.i.embedder.EclipseLogger - Using 'UTF-8' encoding to copy filtered resources.
2019-01-10 10:32:27,329 [Worker-28] INFO  o.e.m.c.i.embedder.EclipseLogger - Copying 0 resource
2019-01-10 10:32:27,329 [Worker-28] INFO  o.e.m.c.i.embedder.EclipseLogger - Copying 0 resource
2019-01-10 10:32:27,332 [Worker-28] INFO  o.e.m.c.i.embedder.EclipseLogger - Using 'UTF-8' encoding to copy filtered resources.
2019-01-10 10:32:27,332 [Worker-28] INFO  o.e.m.c.i.embedder.EclipseLogger - skip non existing resourceDirectory E:\WorkSpace\StudentOneToMany\src\test\resources
2019-01-10 10:43:02,285 [Worker-35] INFO  o.e.m.c.i.embedder.EclipseLogger - Using 'UTF-8' encoding to copy filtered resources.
2019-01-10 10:43:02,285 [Worker-35] INFO  o.e.m.c.i.embedder.EclipseLogger - Copying 0 resource
2019-01-10 10:43:02,285 [Worker-35] INFO  o.e.m.c.i.embedder.EclipseLogger - Copying 0 resource
2019-01-10 10:43:02,299 [Worker-35] INFO  o.e.m.c.i.embedder.EclipseLogger - Using 'UTF-8' encoding to copy filtered resources.
2019-01-10 10:43:02,300 [Worker-35] INFO  o.e.m.c.i.embedder.EclipseLogger - skip non existing resourceDirectory E:\WorkSpace\StudentOneToMany\src\test\resources
2019-01-10 10:43:19,269 [Worker-35] INFO  o.e.m.c.i.embedder.EclipseLogger - Using 'UTF-8' encoding to copy filtered resources.
2019-01-10 10:43:19,270 [Worker-35] INFO  o.e.m.c.i.embedder.EclipseLogger - Copying 0 resource
2019-01-10 10:43:19,271 [Worker-35] INFO  o.e.m.c.i.embedder.EclipseLogger - Copying 0 resource
2019-01-10 10:43:19,277 [Worker-35] INFO  o.e.m.c.i.embedder.EclipseLogger - Using 'UTF-8' encoding to copy filtered resources.
2019-01-10 10:43:19,277 [Worker-35] INFO  o.e.m.c.i.embedder.EclipseLogger - skip non existing resourceDirectory E:\WorkSpace\StudentOneToMany\src\test\resources
2019-01-10 10:50:32,303 [Worker-35] INFO  o.e.m.c.i.embedder.EclipseLogger - Using 'UTF-8' encoding to copy filtered resources.
2019-01-10 10:50:32,362 [Worker-35] INFO  o.e.m.c.i.embedder.EclipseLogger - Copying 1 resource
2019-01-10 10:50:32,375 [Worker-35] INFO  o.e.m.c.i.embedder.EclipseLogger - Copying 0 resource
2019-01-10 10:50:32,378 [Worker-35] INFO  o.e.m.c.i.embedder.EclipseLogger - Using 'UTF-8' encoding to copy filtered resources.
2019-01-10 10:50:32,378 [Worker-35] INFO  o.e.m.c.i.embedder.EclipseLogger - skip non existing resourceDirectory E:\WorkSpace\StudentOneToMany\src\test\resources
2019-01-10 10:54:09,503 [Worker-42] INFO  o.e.m.c.i.embedder.EclipseLogger - Using 'UTF-8' encoding to copy filtered resources.
2019-01-10 10:54:09,504 [Worker-42] INFO  o.e.m.c.i.embedder.EclipseLogger - Copying 1 resource
2019-01-10 10:54:09,507 [Worker-42] INFO  o.e.m.c.i.embedder.EclipseLogger - Copying 0 resource
2019-01-10 10:54:09,510 [Worker-42] INFO  o.e.m.c.i.embedder.EclipseLogger - Using 'UTF-8' encoding to copy filtered resources.
2019-01-10 10:54:09,511 [Worker-42] INFO  o.e.m.c.i.embedder.EclipseLogger - skip non existing resourceDirectory E:\WorkSpace\StudentOneToMany\src\test\resources
2019-01-10 11:11:02,125 [Worker-4] INFO  o.e.m.c.i.embedder.EclipseLogger - Using 'UTF-8' encoding to copy filtered resources.
2019-01-10 11:11:02,145 [Worker-4] INFO  o.e.m.c.i.embedder.EclipseLogger - Copying 1 resource
2019-01-10 11:11:02,184 [Worker-4] INFO  o.e.m.c.i.embedder.EclipseLogger - Copying 0 resource
2019-01-10 11:11:02,197 [Worker-4] INFO  o.e.m.c.i.embedder.EclipseLogger - Using 'UTF-8' encoding to copy filtered resources.
2019-01-10 11:11:02,197 [Worker-4] INFO  o.e.m.c.i.embedder.EclipseLogger - skip non existing resourceDirectory E:\WorkSpace\Pos\src\test\resources
2019-01-10 11:11:06,346 [Worker-11] INFO  o.e.m.c.i.embedder.EclipseLogger - Using 'UTF-8' encoding to copy filtered resources.
2019-01-10 11:11:06,348 [Worker-11] INFO  o.e.m.c.i.embedder.EclipseLogger - Copying 1 resource
2019-01-10 11:11:06,386 [Worker-11] INFO  o.e.m.c.i.embedder.EclipseLogger - Copying 0 resource
2019-01-10 11:11:06,392 [Worker-11] INFO  o.e.m.c.i.embedder.EclipseLogger - Using 'UTF-8' encoding to copy filtered resources.
2019-01-10 11:11:06,393 [Worker-11] INFO  o.e.m.c.i.embedder.EclipseLogger - skip non existing resourceDirectory E:\WorkSpace\StudentOneToMany\src\test\resources
2019-01-10 11:19:14,245 [Worker-20] INFO  o.e.m.c.i.embedder.EclipseLogger - Using 'UTF-8' encoding to copy filtered resources.
2019-01-10 11:19:14,247 [Worker-20] INFO  o.e.m.c.i.embedder.EclipseLogger - Copying 0 resource
2019-01-10 11:19:14,248 [Worker-20] INFO  o.e.m.c.i.embedder.EclipseLogger - Copying 0 resource
2019-01-10 11:19:14,251 [Worker-20] INFO  o.e.m.c.i.embedder.EclipseLogger - Using 'UTF-8' encoding to copy filtered resources.
2019-01-10 11:19:14,251 [Worker-20] INFO  o.e.m.c.i.embedder.EclipseLogger - skip non existing resourceDirectory E:\WorkSpace\StudentOneToMany\src\test\resources
2019-01-10 11:19:22,234 [Worker-21] INFO  o.e.m.c.i.embedder.EclipseLogger - Using 'UTF-8' encoding to copy filtered resources.
2019-01-10 11:19:22,235 [Worker-21] INFO  o.e.m.c.i.embedder.EclipseLogger - Copying 0 resource
2019-01-10 11:19:22,235 [Worker-21] INFO  o.e.m.c.i.embedder.EclipseLogger - Copying 0 resource
2019-01-10 11:19:22,238 [Worker-21] INFO  o.e.m.c.i.embedder.EclipseLogger - Using 'UTF-8' encoding to copy filtered resources.
2019-01-10 11:19:22,239 [Worker-21] INFO  o.e.m.c.i.embedder.EclipseLogger - skip non existing resourceDirectory E:\WorkSpace\StudentOneToMany\src\test\resources
2019-01-10 11:27:05,141 [Worker-18] INFO  o.e.m.c.i.embedder.EclipseLogger - Using 'UTF-8' encoding to copy filtered resources.
2019-01-10 11:27:05,145 [Worker-18] INFO  o.e.m.c.i.embedder.EclipseLogger - Copying 1 resource
2019-01-10 11:27:05,150 [Worker-18] INFO  o.e.m.c.i.embedder.EclipseLogger - Copying 0 resource
2019-01-10 11:27:05,155 [Worker-18] INFO  o.e.m.c.i.embedder.EclipseLogger - Using 'UTF-8' encoding to copy filtered resources.
2019-01-10 11:27:05,155 [Worker-18] INFO  o.e.m.c.i.embedder.EclipseLogger - skip non existing resourceDirectory E:\WorkSpace\StudentOneToMany\src\test\resources
2019-01-10 11:44:41,911 [Worker-31] INFO  o.e.m.c.i.l.LifecycleMappingFactory - Using org.maven.ide.eclipse.wtp.WarLifecycleMapping lifecycle mapping for MavenProject: com.tjt.main:TJTYRECOMPANY:0.0.1-SNAPSHOT @ E:\TJTYRECOMPANY20-12-18\pom.xml.
2019-01-10 11:44:49,041 [Worker-31] INFO  o.e.m.c.i.e.AbstractTransferListenerAdapter - Downloading https://repo.maven.apache.org/maven2/org/springframework/boot/spring-boot-starter-mail/2.1.1.RELEASE/spring-boot-starter-mail-2.1.1.RELEASE.pom
2019-01-10 11:44:49,360 [Worker-31] INFO  o.e.m.c.i.e.AbstractTransferListenerAdapter - Downloaded https://repo.maven.apache.org/maven2/org/springframework/boot/spring-boot-starter-mail/2.1.1.RELEASE/spring-boot-starter-mail-2.1.1.RELEASE.pom
2019-01-10 11:44:49,670 [Worker-31] INFO  o.e.m.c.i.e.AbstractTransferListenerAdapter - Downloading https://repo.maven.apache.org/maven2/org/springframework/spring-context-support/5.1.3.RELEASE/spring-context-support-5.1.3.RELEASE.pom
2019-01-10 11:44:50,019 [Worker-31] INFO  o.e.m.c.i.e.AbstractTransferListenerAdapter - Downloaded https://repo.maven.apache.org/maven2/org/springframework/spring-context-support/5.1.3.RELEASE/spring-context-support-5.1.3.RELEASE.pom
2019-01-10 11:44:50,346 [Worker-31] INFO  o.e.m.c.i.e.AbstractTransferListenerAdapter - Downloading https://repo.maven.apache.org/maven2/com/sun/mail/javax.mail/1.6.2/javax.mail-1.6.2.pom
2019-01-10 11:44:50,638 [Worker-31] INFO  o.e.m.c.i.e.AbstractTransferListenerAdapter - Downloaded https://repo.maven.apache.org/maven2/com/sun/mail/javax.mail/1.6.2/javax.mail-1.6.2.pom
2019-01-10 11:44:50,935 [Worker-31] INFO  o.e.m.c.i.e.AbstractTransferListenerAdapter - Downloading https://repo.maven.apache.org/maven2/com/sun/mail/all/1.6.2/all-1.6.2.pom
2019-01-10 11:44:51,490 [Worker-31] INFO  o.e.m.c.i.e.AbstractTransferListenerAdapter - Downloaded https://repo.maven.apache.org/maven2/com/sun/mail/all/1.6.2/all-1.6.2.pom
2019-01-10 11:44:51,791 [Worker-31] INFO  o.e.m.c.i.e.AbstractTransferListenerAdapter - Downloading https://repo.maven.apache.org/maven2/javax/activation/activation/1.1/activation-1.1.pom
2019-01-10 11:44:52,081 [Worker-31] INFO  o.e.m.c.i.e.AbstractTransferListenerAdapter - Downloaded https://repo.maven.apache.org/maven2/javax/activation/activation/1.1/activation-1.1.pom
2019-01-10 11:44:52,376 [Worker-31] INFO  o.e.m.c.i.e.AbstractTransferListenerAdapter - Downloading https://repo.maven.apache.org/maven2/org/springframework/boot/spring-boot-starter-validation/2.1.1.RELEASE/spring-boot-starter-validation-2.1.1.RELEASE.pom
2019-01-10 11:44:52,692 [Worker-31] INFO  o.e.m.c.i.e.AbstractTransferListenerAdapter - Downloaded https://repo.maven.apache.org/maven2/org/springframework/boot/spring-boot-starter-validation/2.1.1.RELEASE/spring-boot-starter-validation-2.1.1.RELEASE.pom
2019-01-10 11:44:55,124 [Worker-31] INFO  o.e.m.c.i.e.AbstractTransferListenerAdapter - Downloading https://repo.maven.apache.org/maven2/javax/servlet/jstl/1.2/jstl-1.2.pom
2019-01-10 11:44:55,408 [Worker-31] INFO  o.e.m.c.i.e.AbstractTransferListenerAdapter - Downloaded https://repo.maven.apache.org/maven2/javax/servlet/jstl/1.2/jstl-1.2.pom
2019-01-10 11:44:55,700 [Worker-31] INFO  o.e.m.c.i.e.AbstractTransferListenerAdapter - Downloading https://repo.maven.apache.org/maven2/javax/servlet/javax.servlet-api/4.0.1/javax.servlet-api-4.0.1.pom
2019-01-10 11:44:55,994 [Worker-31] INFO  o.e.m.c.i.e.AbstractTransferListenerAdapter - Downloaded https://repo.maven.apache.org/maven2/javax/servlet/javax.servlet-api/4.0.1/javax.servlet-api-4.0.1.pom
2019-01-10 11:44:56,292 [Worker-31] INFO  o.e.m.c.i.e.AbstractTransferListenerAdapter - Downloading https://repo.maven.apache.org/maven2/com/itextpdf/itextpdf/5.0.6/itextpdf-5.0.6.pom
2019-01-10 11:44:56,595 [Worker-31] INFO  o.e.m.c.i.e.AbstractTransferListenerAdapter - Downloaded https://repo.maven.apache.org/maven2/com/itextpdf/itextpdf/5.0.6/itextpdf-5.0.6.pom
2019-01-10 11:44:56,899 [Worker-31] INFO  o.e.m.c.i.e.AbstractTransferListenerAdapter - Downloading https://repo.maven.apache.org/maven2/org/bouncycastle/bcmail-jdk14/1.38/bcmail-jdk14-1.38.pom
2019-01-10 11:44:57,190 [Worker-31] INFO  o.e.m.c.i.e.AbstractTransferListenerAdapter - Downloaded https://repo.maven.apache.org/maven2/org/bouncycastle/bcmail-jdk14/1.38/bcmail-jdk14-1.38.pom
2019-01-10 11:44:57,495 [Worker-31] INFO  o.e.m.c.i.e.AbstractTransferListenerAdapter - Downloading https://repo.maven.apache.org/maven2/org/bouncycastle/bcprov-jdk14/1.38/bcprov-jdk14-1.38.pom
2019-01-10 11:44:57,835 [Worker-31] INFO  o.e.m.c.i.e.AbstractTransferListenerAdapter - Downloaded https://repo.maven.apache.org/maven2/org/bouncycastle/bcprov-jdk14/1.38/bcprov-jdk14-1.38.pom
2019-01-10 11:44:58,152 [Worker-31] INFO  o.e.m.c.i.e.AbstractTransferListenerAdapter - Downloading https://repo.maven.apache.org/maven2/org/bouncycastle/bctsp-jdk14/1.38/bctsp-jdk14-1.38.pom
2019-01-10 11:44:58,543 [Worker-31] INFO  o.e.m.c.i.e.AbstractTransferListenerAdapter - Downloaded https://repo.maven.apache.org/maven2/org/bouncycastle/bctsp-jdk14/1.38/bctsp-jdk14-1.38.pom
2019-01-10 11:44:58,929 [Worker-31] INFO  o.e.m.c.i.e.AbstractTransferListenerAdapter - Downloading https://repo.maven.apache.org/maven2/commons-fileupload/commons-fileupload/1.3.3/commons-fileupload-1.3.3.pom
2019-01-10 11:44:59,222 [Worker-31] INFO  o.e.m.c.i.e.AbstractTransferListenerAdapter - Downloaded https://repo.maven.apache.org/maven2/commons-fileupload/commons-fileupload/1.3.3/commons-fileupload-1.3.3.pom
2019-01-10 11:44:59,506 [Worker-31] INFO  o.e.m.c.i.e.AbstractTransferListenerAdapter - Downloading https://repo.maven.apache.org/maven2/org/apache/commons/commons-parent/41/commons-parent-41.pom
2019-01-10 11:45:00,073 [Worker-31] INFO  o.e.m.c.i.e.AbstractTransferListenerAdapter - Downloaded https://repo.maven.apache.org/maven2/org/apache/commons/commons-parent/41/commons-parent-41.pom
2019-01-10 11:45:00,697 [Worker-31] INFO  o.e.m.c.i.e.AbstractTransferListenerAdapter - Downloading https://repo.maven.apache.org/maven2/org/springframework/boot/spring-boot-starter-mail/2.1.1.RELEASE/spring-boot-starter-mail-2.1.1.RELEASE.jar
2019-01-10 11:45:00,976 [Worker-31] INFO  o.e.m.c.i.e.AbstractTransferListenerAdapter - Downloaded https://repo.maven.apache.org/maven2/org/springframework/boot/spring-boot-starter-mail/2.1.1.RELEASE/spring-boot-starter-mail-2.1.1.RELEASE.jar
2019-01-10 11:45:01,240 [Worker-31] INFO  o.e.m.c.i.e.AbstractTransferListenerAdapter - Downloading https://repo.maven.apache.org/maven2/org/springframework/spring-context-support/5.1.3.RELEASE/spring-context-support-5.1.3.RELEASE.jar
2019-01-10 11:45:02,333 [Worker-31] INFO  o.e.m.c.i.e.AbstractTransferListenerAdapter - Downloaded https://repo.maven.apache.org/maven2/org/springframework/spring-context-support/5.1.3.RELEASE/spring-context-support-5.1.3.RELEASE.jar
2019-01-10 11:45:02,599 [Worker-31] INFO  o.e.m.c.i.e.AbstractTransferListenerAdapter - Downloading https://repo.maven.apache.org/maven2/com/sun/mail/javax.mail/1.6.2/javax.mail-1.6.2.jar
2019-01-10 11:45:07,055 [Worker-31] INFO  o.e.m.c.i.e.AbstractTransferListenerAdapter - Downloaded https://repo.maven.apache.org/maven2/com/sun/mail/javax.mail/1.6.2/javax.mail-1.6.2.jar
2019-01-10 11:45:07,318 [Worker-31] INFO  o.e.m.c.i.e.AbstractTransferListenerAdapter - Downloading https://repo.maven.apache.org/maven2/javax/activation/activation/1.1/activation-1.1.jar
2019-01-10 11:45:07,857 [Worker-31] INFO  o.e.m.c.i.e.AbstractTransferListenerAdapter - Downloaded https://repo.maven.apache.org/maven2/javax/activation/activation/1.1/activation-1.1.jar
2019-01-10 11:45:08,117 [Worker-31] INFO  o.e.m.c.i.e.AbstractTransferListenerAdapter - Downloading https://repo.maven.apache.org/maven2/org/springframework/boot/spring-boot-starter-validation/2.1.1.RELEASE/spring-boot-starter-validation-2.1.1.RELEASE.jar
2019-01-10 11:45:08,403 [Worker-31] INFO  o.e.m.c.i.e.AbstractTransferListenerAdapter - Downloaded https://repo.maven.apache.org/maven2/org/springframework/boot/spring-boot-starter-validation/2.1.1.RELEASE/spring-boot-starter-validation-2.1.1.RELEASE.jar
2019-01-10 11:45:08,669 [Worker-31] INFO  o.e.m.c.i.e.AbstractTransferListenerAdapter - Downloading https://repo.maven.apache.org/maven2/javax/servlet/jstl/1.2/jstl-1.2.jar
2019-01-10 11:45:11,823 [Worker-31] INFO  o.e.m.c.i.e.AbstractTransferListenerAdapter - Downloaded https://repo.maven.apache.org/maven2/javax/servlet/jstl/1.2/jstl-1.2.jar
2019-01-10 11:45:12,086 [Worker-31] INFO  o.e.m.c.i.e.AbstractTransferListenerAdapter - Downloading https://repo.maven.apache.org/maven2/javax/servlet/javax.servlet-api/4.0.1/javax.servlet-api-4.0.1.jar
2019-01-10 11:45:12,895 [Worker-31] INFO  o.e.m.c.i.e.AbstractTransferListenerAdapter - Downloaded https://repo.maven.apache.org/maven2/javax/servlet/javax.servlet-api/4.0.1/javax.servlet-api-4.0.1.jar
2019-01-10 11:45:13,161 [Worker-31] INFO  o.e.m.c.i.e.AbstractTransferListenerAdapter - Downloading https://repo.maven.apache.org/maven2/com/itextpdf/itextpdf/5.0.6/itextpdf-5.0.6.jar
2019-01-10 11:45:17,629 [Worker-31] INFO  o.e.m.c.i.e.AbstractTransferListenerAdapter - Downloaded https://repo.maven.apache.org/maven2/com/itextpdf/itextpdf/5.0.6/itextpdf-5.0.6.jar
2019-01-10 11:45:17,894 [Worker-31] INFO  o.e.m.c.i.e.AbstractTransferListenerAdapter - Downloading https://repo.maven.apache.org/maven2/org/bouncycastle/bcmail-jdk14/1.38/bcmail-jdk14-1.38.jar
2019-01-10 11:45:18,711 [Worker-31] INFO  o.e.m.c.i.e.AbstractTransferListenerAdapter - Downloaded https://repo.maven.apache.org/maven2/org/bouncycastle/bcmail-jdk14/1.38/bcmail-jdk14-1.38.jar
2019-01-10 11:45:18,994 [Worker-31] INFO  o.e.m.c.i.e.AbstractTransferListenerAdapter - Downloading https://repo.maven.apache.org/maven2/org/bouncycastle/bcprov-jdk14/1.38/bcprov-jdk14-1.38.jar
2019-01-10 11:45:25,056 [Worker-31] INFO  o.e.m.c.i.e.AbstractTransferListenerAdapter - Downloaded https://repo.maven.apache.org/maven2/org/bouncycastle/bcprov-jdk14/1.38/bcprov-jdk14-1.38.jar
2019-01-10 11:45:25,319 [Worker-31] INFO  o.e.m.c.i.e.AbstractTransferListenerAdapter - Downloading https://repo.maven.apache.org/maven2/org/bouncycastle/bctsp-jdk14/1.38/bctsp-jdk14-1.38.jar
2019-01-10 11:45:25,729 [Worker-31] INFO  o.e.m.c.i.e.AbstractTransferListenerAdapter - Downloaded https://repo.maven.apache.org/maven2/org/bouncycastle/bctsp-jdk14/1.38/bctsp-jdk14-1.38.jar
2019-01-10 11:45:25,991 [Worker-31] INFO  o.e.m.c.i.e.AbstractTransferListenerAdapter - Downloading https://repo.maven.apache.org/maven2/commons-io/commons-io/2.6/commons-io-2.6.jar
2019-01-10 11:45:27,341 [Worker-31] INFO  o.e.m.c.i.e.AbstractTransferListenerAdapter - Downloaded https://repo.maven.apache.org/maven2/commons-io/commons-io/2.6/commons-io-2.6.jar
2019-01-10 11:45:27,602 [Worker-31] INFO  o.e.m.c.i.e.AbstractTransferListenerAdapter - Downloading https://repo.maven.apache.org/maven2/commons-fileupload/commons-fileupload/1.3.3/commons-fileupload-1.3.3.jar
2019-01-10 11:45:28,172 [Worker-31] INFO  o.e.m.c.i.e.AbstractTransferListenerAdapter - Downloaded https://repo.maven.apache.org/maven2/commons-fileupload/commons-fileupload/1.3.3/commons-fileupload-1.3.3.jar
2019-01-10 11:45:40,076 [Worker-31] INFO  o.e.m.c.i.embedder.EclipseLogger - Using 'UTF-8' encoding to copy filtered resources.
2019-01-10 11:45:40,077 [Worker-31] INFO  o.e.m.c.i.embedder.EclipseLogger - Copying 1 resource
2019-01-10 11:45:40,090 [Worker-31] INFO  o.e.m.c.i.embedder.EclipseLogger - Copying 1 resource
2019-01-10 11:45:40,241 [Worker-31] INFO  o.e.m.c.i.embedder.EclipseLogger - Using 'UTF-8' encoding to copy filtered resources.
2019-01-10 11:45:40,241 [Worker-31] INFO  o.e.m.c.i.embedder.EclipseLogger - skip non existing resourceDirectory E:\TJTYRECOMPANY20-12-18\src\test\resources
2019-01-10 11:45:48,021 [Worker-36] INFO  o.e.m.c.i.embedder.EclipseLogger - Using 'UTF-8' encoding to copy filtered resources.
2019-01-10 11:45:48,028 [Worker-36] INFO  o.e.m.c.i.embedder.EclipseLogger - Copying 1 resource
2019-01-10 11:45:48,073 [Worker-36] INFO  o.e.m.c.i.embedder.EclipseLogger - Copying 1 resource
2019-01-10 11:45:48,119 [Worker-36] INFO  o.e.m.c.i.embedder.EclipseLogger - Using 'UTF-8' encoding to copy filtered resources.
2019-01-10 11:45:48,120 [Worker-36] INFO  o.e.m.c.i.embedder.EclipseLogger - skip non existing resourceDirectory E:\TJTYRECOMPANY20-12-18\src\test\resources
2019-01-10 12:02:43,049 [Worker-32] INFO  o.e.m.c.i.embedder.EclipseLogger - Using 'UTF-8' encoding to copy filtered resources.
2019-01-10 12:02:43,069 [Worker-32] INFO  o.e.m.c.i.embedder.EclipseLogger - Copying 1 resource
2019-01-10 12:02:43,081 [Worker-32] INFO  o.e.m.c.i.embedder.EclipseLogger - Copying 0 resource
2019-01-10 12:02:43,085 [Worker-32] INFO  o.e.m.c.i.embedder.EclipseLogger - Using 'UTF-8' encoding to copy filtered resources.
2019-01-10 12:02:43,086 [Worker-32] INFO  o.e.m.c.i.embedder.EclipseLogger - skip non existing resourceDirectory E:\WorkSpace\StudentOneToMany\src\test\resources
2019-01-10 12:02:43,177 [Worker-32] INFO  o.e.m.c.i.embedder.EclipseLogger - Using 'UTF-8' encoding to copy filtered resources.
2019-01-10 12:02:43,177 [Worker-32] INFO  o.e.m.c.i.embedder.EclipseLogger - Copying 0 resource
2019-01-10 12:02:43,177 [Worker-32] INFO  o.e.m.c.i.embedder.EclipseLogger - Copying 0 resource
2019-01-10 12:02:43,181 [Worker-32] INFO  o.e.m.c.i.embedder.EclipseLogger - Using 'UTF-8' encoding to copy filtered resources.
2019-01-10 12:02:43,181 [Worker-32] INFO  o.e.m.c.i.embedder.EclipseLogger - skip non existing resourceDirectory E:\TJTYRECOMPANY20-12-18\src\test\resources
2019-01-10 12:05:09,408 [Worker-44] INFO  o.e.m.c.i.embedder.EclipseLogger - Using 'UTF-8' encoding to copy filtered resources.
2019-01-10 12:05:09,410 [Worker-44] INFO  o.e.m.c.i.embedder.EclipseLogger - Copying 1 resource
2019-01-10 12:05:09,424 [Worker-44] INFO  o.e.m.c.i.embedder.EclipseLogger - Copying 0 resource
2019-01-10 12:05:09,427 [Worker-44] INFO  o.e.m.c.i.embedder.EclipseLogger - Using 'UTF-8' encoding to copy filtered resources.
2019-01-10 12:05:09,427 [Worker-44] INFO  o.e.m.c.i.embedder.EclipseLogger - skip non existing resourceDirectory E:\WorkSpace\StudentOneToMany\src\test\resources
2019-01-10 12:18:54,091 [Worker-53] INFO  o.e.m.c.i.embedder.EclipseLogger - Using 'UTF-8' encoding to copy filtered resources.
2019-01-10 12:18:54,092 [Worker-53] INFO  o.e.m.c.i.embedder.EclipseLogger - Copying 1 resource
2019-01-10 12:18:54,098 [Worker-53] INFO  o.e.m.c.i.embedder.EclipseLogger - Copying 0 resource
2019-01-10 12:18:54,101 [Worker-53] INFO  o.e.m.c.i.embedder.EclipseLogger - Using 'UTF-8' encoding to copy filtered resources.
2019-01-10 12:18:54,102 [Worker-53] INFO  o.e.m.c.i.embedder.EclipseLogger - skip non existing resourceDirectory E:\WorkSpace\StudentOneToMany\src\test\resources
2019-01-10 12:22:13,748 [Worker-51] INFO  o.e.m.c.i.embedder.EclipseLogger - Using 'UTF-8' encoding to copy filtered resources.
2019-01-10 12:22:13,750 [Worker-51] INFO  o.e.m.c.i.embedder.EclipseLogger - Copying 1 resource
2019-01-10 12:22:13,755 [Worker-51] INFO  o.e.m.c.i.embedder.EclipseLogger - Copying 0 resource
2019-01-10 12:22:13,760 [Worker-51] INFO  o.e.m.c.i.embedder.EclipseLogger - Using 'UTF-8' encoding to copy filtered resources.
2019-01-10 12:22:13,761 [Worker-51] INFO  o.e.m.c.i.embedder.EclipseLogger - skip non existing resourceDirectory E:\WorkSpace\StudentOneToMany\src\test\resources
2019-01-10 12:23:07,071 [Worker-49] INFO  o.e.m.c.i.embedder.EclipseLogger - Using 'UTF-8' encoding to copy filtered resources.
2019-01-10 12:23:07,073 [Worker-49] INFO  o.e.m.c.i.embedder.EclipseLogger - Copying 1 resource
2019-01-10 12:23:07,080 [Worker-49] INFO  o.e.m.c.i.embedder.EclipseLogger - Copying 0 resource
2019-01-10 12:23:07,085 [Worker-49] INFO  o.e.m.c.i.embedder.EclipseLogger - Using 'UTF-8' encoding to copy filtered resources.
2019-01-10 12:23:07,085 [Worker-49] INFO  o.e.m.c.i.embedder.EclipseLogger - skip non existing resourceDirectory E:\WorkSpace\StudentOneToMany\src\test\resources
2019-01-10 15:38:15,585 [Worker-80] INFO  o.e.m.c.i.embedder.EclipseLogger - Using 'UTF-8' encoding to copy filtered resources.
2019-01-10 15:38:16,627 [Worker-80] INFO  o.e.m.c.i.embedder.EclipseLogger - Copying 1 resource
2019-01-10 15:38:16,754 [Worker-80] INFO  o.e.m.c.i.embedder.EclipseLogger - Copying 0 resource
2019-01-10 15:38:16,784 [Worker-80] INFO  o.e.m.c.i.embedder.EclipseLogger - Using 'UTF-8' encoding to copy filtered resources.
2019-01-10 15:38:16,785 [Worker-80] INFO  o.e.m.c.i.embedder.EclipseLogger - skip non existing resourceDirectory E:\TJTYRECOMPANY20-12-18\src\test\resources
2019-01-10 15:43:35,754 [Worker-85] INFO  o.e.m.c.i.embedder.EclipseLogger - Using 'UTF-8' encoding to copy filtered resources.
2019-01-10 15:43:35,755 [Worker-85] INFO  o.e.m.c.i.embedder.EclipseLogger - Copying 1 resource
2019-01-10 15:43:35,761 [Worker-85] INFO  o.e.m.c.i.embedder.EclipseLogger - Copying 0 resource
2019-01-10 15:43:35,765 [Worker-85] INFO  o.e.m.c.i.embedder.EclipseLogger - Using 'UTF-8' encoding to copy filtered resources.
2019-01-10 15:43:35,766 [Worker-85] INFO  o.e.m.c.i.embedder.EclipseLogger - skip non existing resourceDirectory E:\TJTYRECOMPANY20-12-18\src\test\resources
2019-01-10 15:58:01,137 [Worker-71] INFO  o.e.m.c.i.embedder.EclipseLogger - Using 'UTF-8' encoding to copy filtered resources.
2019-01-10 15:58:01,144 [Worker-71] INFO  o.e.m.c.i.embedder.EclipseLogger - Copying 0 resource
2019-01-10 15:58:01,145 [Worker-71] INFO  o.e.m.c.i.embedder.EclipseLogger - Copying 0 resource
2019-01-10 15:58:01,148 [Worker-71] INFO  o.e.m.c.i.embedder.EclipseLogger - Using 'UTF-8' encoding to copy filtered resources.
2019-01-10 15:58:01,148 [Worker-71] INFO  o.e.m.c.i.embedder.EclipseLogger - skip non existing resourceDirectory E:\WorkSpace\StudentOneToMany\src\test\resources
2019-01-10 15:58:20,379 [Worker-84] INFO  o.e.m.c.i.embedder.EclipseLogger - Using 'UTF-8' encoding to copy filtered resources.
2019-01-10 15:58:20,402 [Worker-84] INFO  o.e.m.c.i.embedder.EclipseLogger - Copying 1 resource
2019-01-10 15:58:20,409 [Worker-84] INFO  o.e.m.c.i.embedder.EclipseLogger - Copying 0 resource
2019-01-10 15:58:20,424 [Worker-84] INFO  o.e.m.c.i.embedder.EclipseLogger - Using 'UTF-8' encoding to copy filtered resources.
2019-01-10 15:58:20,425 [Worker-84] INFO  o.e.m.c.i.embedder.EclipseLogger - skip non existing resourceDirectory E:\WorkSpace\StudentOneToMany\src\test\resources
2019-01-10 16:01:18,707 [Worker-88] INFO  o.e.m.c.i.embedder.EclipseLogger - Using 'UTF-8' encoding to copy filtered resources.
2019-01-10 16:01:18,708 [Worker-88] INFO  o.e.m.c.i.embedder.EclipseLogger - Copying 1 resource
2019-01-10 16:01:18,713 [Worker-88] INFO  o.e.m.c.i.embedder.EclipseLogger - Copying 0 resource
2019-01-10 16:01:18,716 [Worker-88] INFO  o.e.m.c.i.embedder.EclipseLogger - Using 'UTF-8' encoding to copy filtered resources.
2019-01-10 16:01:18,717 [Worker-88] INFO  o.e.m.c.i.embedder.EclipseLogger - skip non existing resourceDirectory E:\WorkSpace\StudentOneToMany\src\test\resources
2019-01-10 16:10:18,679 [Worker-71] INFO  o.e.m.c.i.embedder.EclipseLogger - Using 'UTF-8' encoding to copy filtered resources.
2019-01-10 16:10:18,680 [Worker-71] INFO  o.e.m.c.i.embedder.EclipseLogger - Copying 0 resource
2019-01-10 16:10:18,680 [Worker-71] INFO  o.e.m.c.i.embedder.EclipseLogger - Copying 0 resource
2019-01-10 16:10:18,685 [Worker-71] INFO  o.e.m.c.i.embedder.EclipseLogger - Using 'UTF-8' encoding to copy filtered resources.
2019-01-10 16:10:18,686 [Worker-71] INFO  o.e.m.c.i.embedder.EclipseLogger - skip non existing resourceDirectory E:\WorkSpace\StudentOneToMany\src\test\resources
2019-01-10 16:10:39,077 [Worker-90] INFO  o.e.m.c.i.embedder.EclipseLogger - Using 'UTF-8' encoding to copy filtered resources.
2019-01-10 16:10:39,079 [Worker-90] INFO  o.e.m.c.i.embedder.EclipseLogger - Copying 1 resource
2019-01-10 16:10:39,082 [Worker-90] INFO  o.e.m.c.i.embedder.EclipseLogger - Copying 0 resource
2019-01-10 16:10:39,087 [Worker-90] INFO  o.e.m.c.i.embedder.EclipseLogger - Using 'UTF-8' encoding to copy filtered resources.
2019-01-10 16:10:39,087 [Worker-90] INFO  o.e.m.c.i.embedder.EclipseLogger - skip non existing resourceDirectory E:\WorkSpace\StudentOneToMany\src\test\resources
2019-01-10 20:56:59,635 [Worker-3] INFO  o.e.m.c.i.embedder.EclipseLogger - Using 'UTF-8' encoding to copy filtered resources.
2019-01-10 20:56:59,683 [Worker-3] INFO  o.e.m.c.i.embedder.EclipseLogger - Copying 1 resource
2019-01-10 20:56:59,776 [Worker-3] INFO  o.e.m.c.i.embedder.EclipseLogger - Copying 0 resource
2019-01-10 20:56:59,786 [Worker-3] INFO  o.e.m.c.i.embedder.EclipseLogger - Using 'UTF-8' encoding to copy filtered resources.
2019-01-10 20:56:59,787 [Worker-3] INFO  o.e.m.c.i.embedder.EclipseLogger - skip non existing resourceDirectory E:\WorkSpace\Pos\src\test\resources
2019-01-10 20:57:14,730 [Worker-2] INFO  o.e.m.c.i.embedder.EclipseLogger - Using 'UTF-8' encoding to copy filtered resources.
2019-01-10 20:57:14,733 [Worker-2] INFO  o.e.m.c.i.embedder.EclipseLogger - Copying 1 resource
2019-01-10 20:57:14,763 [Worker-2] INFO  o.e.m.c.i.embedder.EclipseLogger - Copying 0 resource
2019-01-10 20:57:14,768 [Worker-2] INFO  o.e.m.c.i.embedder.EclipseLogger - Using 'UTF-8' encoding to copy filtered resources.
2019-01-10 20:57:14,768 [Worker-2] INFO  o.e.m.c.i.embedder.EclipseLogger - skip non existing resourceDirectory E:\WorkSpace\StudentOneToMany\src\test\resources
2019-01-10 20:57:20,309 [Worker-2] INFO  o.e.m.c.i.embedder.EclipseLogger - Using 'UTF-8' encoding to copy filtered resources.
2019-01-10 20:57:20,338 [Worker-2] INFO  o.e.m.c.i.embedder.EclipseLogger - Copying 1 resource
2019-01-10 20:57:20,349 [Worker-2] INFO  o.e.m.c.i.embedder.EclipseLogger - Copying 1 resource
2019-01-10 20:57:20,353 [Worker-2] INFO  o.e.m.c.i.embedder.EclipseLogger - Using 'UTF-8' encoding to copy filtered resources.
2019-01-10 20:57:20,353 [Worker-2] INFO  o.e.m.c.i.embedder.EclipseLogger - skip non existing resourceDirectory E:\TJTYRECOMPANY20-12-18\src\test\resources
2019-01-10 21:01:35,716 [Worker-10] INFO  o.e.m.c.i.embedder.EclipseLogger - Using 'UTF-8' encoding to copy filtered resources.
2019-01-10 21:01:35,737 [Worker-10] INFO  o.e.m.c.i.embedder.EclipseLogger - Copying 1 resource
2019-01-10 21:01:35,743 [Worker-10] INFO  o.e.m.c.i.embedder.EclipseLogger - Copying 0 resource
2019-01-10 21:01:35,746 [Worker-10] INFO  o.e.m.c.i.embedder.EclipseLogger - Using 'UTF-8' encoding to copy filtered resources.
2019-01-10 21:01:35,747 [Worker-10] INFO  o.e.m.c.i.embedder.EclipseLogger - skip non existing resourceDirectory E:\WorkSpace\StudentOneToMany\src\test\resources
2019-01-11 09:54:00,390 [Worker-2] INFO  o.e.m.c.i.embedder.EclipseLogger - Using 'UTF-8' encoding to copy filtered resources.
2019-01-11 09:54:00,412 [Worker-2] INFO  o.e.m.c.i.embedder.EclipseLogger - Copying 1 resource
2019-01-11 09:54:00,451 [Worker-2] INFO  o.e.m.c.i.embedder.EclipseLogger - Copying 0 resource
2019-01-11 09:54:00,456 [Worker-2] INFO  o.e.m.c.i.embedder.EclipseLogger - Using 'UTF-8' encoding to copy filtered resources.
2019-01-11 09:54:00,457 [Worker-2] INFO  o.e.m.c.i.embedder.EclipseLogger - skip non existing resourceDirectory E:\WorkSpace\Pos\src\test\resources
2019-01-11 09:54:08,703 [Worker-14] INFO  o.e.m.c.i.embedder.EclipseLogger - Using 'UTF-8' encoding to copy filtered resources.
2019-01-11 09:54:08,705 [Worker-14] INFO  o.e.m.c.i.embedder.EclipseLogger - Copying 1 resource
2019-01-11 09:54:08,747 [Worker-14] INFO  o.e.m.c.i.embedder.EclipseLogger - Copying 0 resource
2019-01-11 09:54:08,752 [Worker-14] INFO  o.e.m.c.i.embedder.EclipseLogger - Using 'UTF-8' encoding to copy filtered resources.
2019-01-11 09:54:08,752 [Worker-14] INFO  o.e.m.c.i.embedder.EclipseLogger - skip non existing resourceDirectory E:\WorkSpace\StudentOneToMany\src\test\resources
2019-01-11 09:54:12,399 [Worker-14] INFO  o.e.m.c.i.embedder.EclipseLogger - Using 'UTF-8' encoding to copy filtered resources.
2019-01-11 09:54:12,400 [Worker-14] INFO  o.e.m.c.i.embedder.EclipseLogger - Copying 1 resource
2019-01-11 09:54:12,416 [Worker-14] INFO  o.e.m.c.i.embedder.EclipseLogger - Copying 1 resource
2019-01-11 09:54:12,421 [Worker-14] INFO  o.e.m.c.i.embedder.EclipseLogger - Using 'UTF-8' encoding to copy filtered resources.
2019-01-11 09:54:12,421 [Worker-14] INFO  o.e.m.c.i.embedder.EclipseLogger - skip non existing resourceDirectory E:\TJTYRECOMPANY20-12-18\src\test\resources
